mode: atomic
github.com/Wrendra57/Pos-app-be/wire_gen.go:26.50,28.16 2 0
github.com/Wrendra57/Pos-app-be/wire_gen.go:28.16,30.3 1 0
github.com/Wrendra57/Pos-app-be/wire_gen.go:31.2,50.16 20 0
github.com/Wrendra57/Pos-app-be/wire_gen.go:50.16,53.3 2 0
github.com/Wrendra57/Pos-app-be/wire_gen.go:54.2,54.21 1 0
github.com/Wrendra57/Pos-app-be/wire_gen.go:54.21,57.3 2 0
github.com/Wrendra57/Pos-app-be/wire_gen.go:73.31,83.42 6 0
github.com/Wrendra57/Pos-app-be/wire_gen.go:83.42,85.3 1 0
github.com/Wrendra57/Pos-app-be/wire_gen.go:87.2,96.20 9 0
github.com/Wrendra57/Pos-app-be/wire_gen.go:96.20,99.3 2 0
github.com/Wrendra57/Pos-app-be/wire_gen.go:101.2,101.26 1 0
github.com/Wrendra57/Pos-app-be/cmd/main.go:11.13,15.16 4 0
github.com/Wrendra57/Pos-app-be/cmd/main.go:15.16,16.13 1 0
github.com/Wrendra57/Pos-app-be/cmd/main.go:18.2,20.16 2 0
github.com/Wrendra57/Pos-app-be/cmd/main.go:20.16,22.3 1 0
github.com/Wrendra57/Pos-app-be/cmd/main.go:23.2,26.32 3 0
github.com/Wrendra57/Pos-app-be/cmd/wire.go:19.50,44.2 2 0
github.com/Wrendra57/Pos-app-be/cmd/wire.go:56.31,67.42 6 0
github.com/Wrendra57/Pos-app-be/cmd/wire.go:67.42,69.3 1 0
github.com/Wrendra57/Pos-app-be/cmd/wire.go:71.2,80.20 9 0
github.com/Wrendra57/Pos-app-be/cmd/wire.go:80.20,83.3 2 0
github.com/Wrendra57/Pos-app-be/cmd/wire.go:85.2,85.26 1 0
github.com/Wrendra57/Pos-app-be/config/config.go:12.19,18.45 5 0
github.com/Wrendra57/Pos-app-be/config/config.go:18.45,20.3 1 0
github.com/Wrendra57/Pos-app-be/config/database.go:5.31,11.2 2 0
github.com/Wrendra57/Pos-app-be/internal/controllers/brand_controller.go:14.93,15.36 1 0
github.com/Wrendra57/Pos-app-be/internal/controllers/brand_controller.go:15.36,17.50 2 0
github.com/Wrendra57/Pos-app-be/internal/controllers/brand_controller.go:17.50,20.4 2 0
github.com/Wrendra57/Pos-app-be/internal/controllers/brand_controller.go:22.3,22.64 1 0
github.com/Wrendra57/Pos-app-be/internal/controllers/brand_controller.go:22.64,25.4 2 0
github.com/Wrendra57/Pos-app-be/internal/controllers/brand_controller.go:27.3,28.17 2 0
github.com/Wrendra57/Pos-app-be/internal/controllers/brand_controller.go:28.17,30.4 1 0
github.com/Wrendra57/Pos-app-be/internal/controllers/brand_controller.go:31.3,31.54 1 0
github.com/Wrendra57/Pos-app-be/internal/controllers/brand_controller.go:35.91,36.36 1 0
github.com/Wrendra57/Pos-app-be/internal/controllers/brand_controller.go:36.36,43.21 5 0
github.com/Wrendra57/Pos-app-be/internal/controllers/brand_controller.go:43.21,45.18 2 0
github.com/Wrendra57/Pos-app-be/internal/controllers/brand_controller.go:45.18,47.5 1 0
github.com/Wrendra57/Pos-app-be/internal/controllers/brand_controller.go:48.4,48.25 1 0
github.com/Wrendra57/Pos-app-be/internal/controllers/brand_controller.go:49.9,51.4 1 0
github.com/Wrendra57/Pos-app-be/internal/controllers/brand_controller.go:53.3,53.22 1 0
github.com/Wrendra57/Pos-app-be/internal/controllers/brand_controller.go:53.22,55.18 2 0
github.com/Wrendra57/Pos-app-be/internal/controllers/brand_controller.go:55.18,57.5 1 0
github.com/Wrendra57/Pos-app-be/internal/controllers/brand_controller.go:58.4,58.27 1 0
github.com/Wrendra57/Pos-app-be/internal/controllers/brand_controller.go:59.9,61.4 1 0
github.com/Wrendra57/Pos-app-be/internal/controllers/brand_controller.go:63.3,64.17 2 0
github.com/Wrendra57/Pos-app-be/internal/controllers/brand_controller.go:64.17,66.4 1 0
github.com/Wrendra57/Pos-app-be/internal/controllers/brand_controller.go:68.3,68.69 1 0
github.com/Wrendra57/Pos-app-be/internal/controllers/category_controller.go:14.99,15.36 1 0
github.com/Wrendra57/Pos-app-be/internal/controllers/category_controller.go:15.36,17.50 2 0
github.com/Wrendra57/Pos-app-be/internal/controllers/category_controller.go:17.50,21.4 2 0
github.com/Wrendra57/Pos-app-be/internal/controllers/category_controller.go:23.3,23.64 1 0
github.com/Wrendra57/Pos-app-be/internal/controllers/category_controller.go:23.64,26.4 2 0
github.com/Wrendra57/Pos-app-be/internal/controllers/category_controller.go:27.3,28.17 2 0
github.com/Wrendra57/Pos-app-be/internal/controllers/category_controller.go:28.17,30.4 1 0
github.com/Wrendra57/Pos-app-be/internal/controllers/category_controller.go:31.3,31.70 1 0
github.com/Wrendra57/Pos-app-be/internal/controllers/category_controller.go:35.97,36.36 1 0
github.com/Wrendra57/Pos-app-be/internal/controllers/category_controller.go:36.36,43.21 5 0
github.com/Wrendra57/Pos-app-be/internal/controllers/category_controller.go:43.21,45.18 2 0
github.com/Wrendra57/Pos-app-be/internal/controllers/category_controller.go:45.18,47.5 1 0
github.com/Wrendra57/Pos-app-be/internal/controllers/category_controller.go:48.4,48.25 1 0
github.com/Wrendra57/Pos-app-be/internal/controllers/category_controller.go:49.9,51.4 1 0
github.com/Wrendra57/Pos-app-be/internal/controllers/category_controller.go:53.3,53.22 1 0
github.com/Wrendra57/Pos-app-be/internal/controllers/category_controller.go:53.22,55.18 2 0
github.com/Wrendra57/Pos-app-be/internal/controllers/category_controller.go:55.18,57.5 1 0
github.com/Wrendra57/Pos-app-be/internal/controllers/category_controller.go:58.4,58.27 1 0
github.com/Wrendra57/Pos-app-be/internal/controllers/category_controller.go:59.9,61.4 1 0
github.com/Wrendra57/Pos-app-be/internal/controllers/category_controller.go:63.3,64.17 2 0
github.com/Wrendra57/Pos-app-be/internal/controllers/category_controller.go:64.17,66.4 1 0
github.com/Wrendra57/Pos-app-be/internal/controllers/category_controller.go:67.3,67.74 1 0
github.com/Wrendra57/Pos-app-be/internal/controllers/otp_controller.go:13.91,14.36 1 0
github.com/Wrendra57/Pos-app-be/internal/controllers/otp_controller.go:14.36,16.50 2 0
github.com/Wrendra57/Pos-app-be/internal/controllers/otp_controller.go:16.50,19.4 2 0
github.com/Wrendra57/Pos-app-be/internal/controllers/otp_controller.go:20.3,23.64 2 0
github.com/Wrendra57/Pos-app-be/internal/controllers/otp_controller.go:23.64,26.4 2 0
github.com/Wrendra57/Pos-app-be/internal/controllers/otp_controller.go:27.3,29.19 2 0
github.com/Wrendra57/Pos-app-be/internal/controllers/otp_controller.go:29.19,31.4 1 0
github.com/Wrendra57/Pos-app-be/internal/controllers/otp_controller.go:33.3,33.65 1 0
github.com/Wrendra57/Pos-app-be/internal/controllers/otp_controller.go:36.89,37.36 1 0
github.com/Wrendra57/Pos-app-be/internal/controllers/otp_controller.go:37.36,43.17 3 0
github.com/Wrendra57/Pos-app-be/internal/controllers/otp_controller.go:43.17,45.4 1 0
github.com/Wrendra57/Pos-app-be/internal/controllers/otp_controller.go:46.3,46.71 1 0
github.com/Wrendra57/Pos-app-be/internal/controllers/photo_controller.go:15.94,16.36 1 0
github.com/Wrendra57/Pos-app-be/internal/controllers/photo_controller.go:16.36,32.64 10 0
github.com/Wrendra57/Pos-app-be/internal/controllers/photo_controller.go:32.64,35.4 2 0
github.com/Wrendra57/Pos-app-be/internal/controllers/photo_controller.go:36.3,37.19 2 0
github.com/Wrendra57/Pos-app-be/internal/controllers/photo_controller.go:37.19,40.4 2 0
github.com/Wrendra57/Pos-app-be/internal/controllers/photo_controller.go:42.3,42.57 1 0
github.com/Wrendra57/Pos-app-be/internal/controllers/product_controller.go:16.97,17.36 1 0
github.com/Wrendra57/Pos-app-be/internal/controllers/product_controller.go:17.36,24.21 5 0
github.com/Wrendra57/Pos-app-be/internal/controllers/product_controller.go:24.21,26.4 1 0
github.com/Wrendra57/Pos-app-be/internal/controllers/product_controller.go:27.3,32.24 5 0
github.com/Wrendra57/Pos-app-be/internal/controllers/product_controller.go:32.24,34.4 1 0
github.com/Wrendra57/Pos-app-be/internal/controllers/product_controller.go:35.3,35.80 1 0
github.com/Wrendra57/Pos-app-be/internal/controllers/product_controller.go:35.80,40.4 1 0
github.com/Wrendra57/Pos-app-be/internal/controllers/product_controller.go:42.3,43.21 2 0
github.com/Wrendra57/Pos-app-be/internal/controllers/product_controller.go:43.21,45.4 1 0
github.com/Wrendra57/Pos-app-be/internal/controllers/product_controller.go:46.3,52.62 3 0
github.com/Wrendra57/Pos-app-be/internal/controllers/product_controller.go:52.62,57.4 1 0
github.com/Wrendra57/Pos-app-be/internal/controllers/product_controller.go:58.3,64.24 6 0
github.com/Wrendra57/Pos-app-be/internal/controllers/product_controller.go:64.24,66.4 1 0
github.com/Wrendra57/Pos-app-be/internal/controllers/product_controller.go:67.3,67.80 1 0
github.com/Wrendra57/Pos-app-be/internal/controllers/product_controller.go:67.80,72.4 1 0
github.com/Wrendra57/Pos-app-be/internal/controllers/product_controller.go:73.3,74.17 2 0
github.com/Wrendra57/Pos-app-be/internal/controllers/product_controller.go:74.17,79.4 1 0
github.com/Wrendra57/Pos-app-be/internal/controllers/product_controller.go:81.3,85.21 4 0
github.com/Wrendra57/Pos-app-be/internal/controllers/product_controller.go:85.21,87.4 1 0
github.com/Wrendra57/Pos-app-be/internal/controllers/product_controller.go:89.3,89.64 1 0
github.com/Wrendra57/Pos-app-be/internal/controllers/product_controller.go:89.64,92.4 2 0
github.com/Wrendra57/Pos-app-be/internal/controllers/product_controller.go:94.3,96.10 3 0
github.com/Wrendra57/Pos-app-be/internal/controllers/product_controller.go:96.10,98.4 1 0
github.com/Wrendra57/Pos-app-be/internal/controllers/product_controller.go:100.3,100.60 1 0
github.com/Wrendra57/Pos-app-be/internal/controllers/supplier_controller.go:14.99,15.36 1 0
github.com/Wrendra57/Pos-app-be/internal/controllers/supplier_controller.go:15.36,17.50 2 0
github.com/Wrendra57/Pos-app-be/internal/controllers/supplier_controller.go:17.50,20.4 2 0
github.com/Wrendra57/Pos-app-be/internal/controllers/supplier_controller.go:22.3,22.64 1 0
github.com/Wrendra57/Pos-app-be/internal/controllers/supplier_controller.go:22.64,25.4 2 0
github.com/Wrendra57/Pos-app-be/internal/controllers/supplier_controller.go:26.3,27.17 2 0
github.com/Wrendra57/Pos-app-be/internal/controllers/supplier_controller.go:27.17,29.4 1 0
github.com/Wrendra57/Pos-app-be/internal/controllers/supplier_controller.go:30.3,30.70 1 0
github.com/Wrendra57/Pos-app-be/internal/controllers/supplier_controller.go:34.105,35.36 1 0
github.com/Wrendra57/Pos-app-be/internal/controllers/supplier_controller.go:35.36,42.21 5 0
github.com/Wrendra57/Pos-app-be/internal/controllers/supplier_controller.go:42.21,44.18 2 0
github.com/Wrendra57/Pos-app-be/internal/controllers/supplier_controller.go:44.18,46.5 1 0
github.com/Wrendra57/Pos-app-be/internal/controllers/supplier_controller.go:47.4,47.25 1 0
github.com/Wrendra57/Pos-app-be/internal/controllers/supplier_controller.go:48.9,50.4 1 0
github.com/Wrendra57/Pos-app-be/internal/controllers/supplier_controller.go:52.3,52.22 1 0
github.com/Wrendra57/Pos-app-be/internal/controllers/supplier_controller.go:52.22,54.18 2 0
github.com/Wrendra57/Pos-app-be/internal/controllers/supplier_controller.go:54.18,56.5 1 0
github.com/Wrendra57/Pos-app-be/internal/controllers/supplier_controller.go:57.4,57.27 1 0
github.com/Wrendra57/Pos-app-be/internal/controllers/supplier_controller.go:58.9,60.4 1 0
github.com/Wrendra57/Pos-app-be/internal/controllers/supplier_controller.go:62.3,63.72 2 0
github.com/Wrendra57/Pos-app-be/internal/controllers/user_contoller.go:16.91,17.36 1 0
github.com/Wrendra57/Pos-app-be/internal/controllers/user_contoller.go:17.36,24.29 5 0
github.com/Wrendra57/Pos-app-be/internal/controllers/user_contoller.go:24.29,27.4 2 0
github.com/Wrendra57/Pos-app-be/internal/controllers/user_contoller.go:28.3,29.17 2 0
github.com/Wrendra57/Pos-app-be/internal/controllers/user_contoller.go:29.17,32.4 2 0
github.com/Wrendra57/Pos-app-be/internal/controllers/user_contoller.go:34.3,37.64 2 0
github.com/Wrendra57/Pos-app-be/internal/controllers/user_contoller.go:37.64,40.4 2 0
github.com/Wrendra57/Pos-app-be/internal/controllers/user_contoller.go:41.3,43.17 2 0
github.com/Wrendra57/Pos-app-be/internal/controllers/user_contoller.go:43.17,45.4 1 0
github.com/Wrendra57/Pos-app-be/internal/controllers/user_contoller.go:47.3,54.54 3 0
github.com/Wrendra57/Pos-app-be/internal/controllers/user_contoller.go:58.90,59.36 1 0
github.com/Wrendra57/Pos-app-be/internal/controllers/user_contoller.go:59.36,64.64 4 0
github.com/Wrendra57/Pos-app-be/internal/controllers/user_contoller.go:64.64,67.4 2 0
github.com/Wrendra57/Pos-app-be/internal/controllers/user_contoller.go:69.3,71.10 2 0
github.com/Wrendra57/Pos-app-be/internal/controllers/user_contoller.go:71.10,73.4 1 0
github.com/Wrendra57/Pos-app-be/internal/controllers/user_contoller.go:74.3,74.63 1 0
github.com/Wrendra57/Pos-app-be/internal/controllers/user_contoller.go:79.57,80.36 1 0
github.com/Wrendra57/Pos-app-be/internal/controllers/user_contoller.go:80.36,83.10 2 0
github.com/Wrendra57/Pos-app-be/internal/controllers/user_contoller.go:83.10,85.4 1 0
github.com/Wrendra57/Pos-app-be/internal/controllers/user_contoller.go:86.3,86.66 1 0
github.com/Wrendra57/Pos-app-be/internal/middleware/auth_middleware.go:10.35,11.34 1 0
github.com/Wrendra57/Pos-app-be/internal/middleware/auth_middleware.go:11.34,14.23 2 0
github.com/Wrendra57/Pos-app-be/internal/middleware/auth_middleware.go:14.23,16.4 1 0
github.com/Wrendra57/Pos-app-be/internal/middleware/auth_middleware.go:18.3,18.48 1 0
github.com/Wrendra57/Pos-app-be/internal/middleware/auth_middleware.go:18.48,20.4 1 0
github.com/Wrendra57/Pos-app-be/internal/middleware/auth_middleware.go:23.3,28.17 3 0
github.com/Wrendra57/Pos-app-be/internal/middleware/auth_middleware.go:28.17,30.4 1 0
github.com/Wrendra57/Pos-app-be/internal/middleware/auth_middleware.go:31.3,34.18 3 0
github.com/Wrendra57/Pos-app-be/internal/middleware/error_handling.go:8.40,9.34 1 0
github.com/Wrendra57/Pos-app-be/internal/middleware/error_handling.go:9.34,10.16 1 0
github.com/Wrendra57/Pos-app-be/internal/middleware/error_handling.go:10.16,11.32 1 0
github.com/Wrendra57/Pos-app-be/internal/middleware/error_handling.go:11.32,19.5 2 0
github.com/Wrendra57/Pos-app-be/internal/middleware/error_handling.go:21.3,21.18 1 0
github.com/Wrendra57/Pos-app-be/internal/repositories/brand_repository.go:20.43,22.2 1 0
github.com/Wrendra57/Pos-app-be/internal/repositories/brand_repository.go:24.111,32.16 5 0
github.com/Wrendra57/Pos-app-be/internal/repositories/brand_repository.go:32.16,34.3 1 0
github.com/Wrendra57/Pos-app-be/internal/repositories/brand_repository.go:35.2,36.19 2 0
github.com/Wrendra57/Pos-app-be/internal/repositories/brand_repository.go:39.116,54.18 7 0
github.com/Wrendra57/Pos-app-be/internal/repositories/brand_repository.go:54.18,59.3 4 0
github.com/Wrendra57/Pos-app-be/internal/repositories/brand_repository.go:60.2,60.15 1 0
github.com/Wrendra57/Pos-app-be/internal/repositories/categories_respository.go:22.54,24.2 1 0
github.com/Wrendra57/Pos-app-be/internal/repositories/categories_respository.go:26.119,33.16 5 0
github.com/Wrendra57/Pos-app-be/internal/repositories/categories_respository.go:33.16,36.3 2 0
github.com/Wrendra57/Pos-app-be/internal/repositories/categories_respository.go:37.2,38.15 2 0
github.com/Wrendra57/Pos-app-be/internal/repositories/categories_respository.go:41.60,57.18 7 0
github.com/Wrendra57/Pos-app-be/internal/repositories/categories_respository.go:57.18,62.3 4 0
github.com/Wrendra57/Pos-app-be/internal/repositories/categories_respository.go:63.2,63.19 1 0
github.com/Wrendra57/Pos-app-be/internal/repositories/oauth_repository.go:26.43,28.2 1 0
github.com/Wrendra57/Pos-app-be/internal/repositories/oauth_repository.go:30.117,38.16 5 0
github.com/Wrendra57/Pos-app-be/internal/repositories/oauth_repository.go:38.16,41.3 2 0
github.com/Wrendra57/Pos-app-be/internal/repositories/oauth_repository.go:43.2,43.19 1 0
github.com/Wrendra57/Pos-app-be/internal/repositories/oauth_repository.go:47.9,57.16 5 0
github.com/Wrendra57/Pos-app-be/internal/repositories/oauth_repository.go:57.16,60.3 2 0
github.com/Wrendra57/Pos-app-be/internal/repositories/oauth_repository.go:62.2,62.19 1 0
github.com/Wrendra57/Pos-app-be/internal/repositories/oauth_repository.go:65.9,76.16 5 0
github.com/Wrendra57/Pos-app-be/internal/repositories/oauth_repository.go:76.16,79.3 2 0
github.com/Wrendra57/Pos-app-be/internal/repositories/oauth_repository.go:81.2,81.19 1 0
github.com/Wrendra57/Pos-app-be/internal/repositories/oauth_repository.go:83.104,93.16 5 0
github.com/Wrendra57/Pos-app-be/internal/repositories/oauth_repository.go:93.16,96.3 2 0
github.com/Wrendra57/Pos-app-be/internal/repositories/oauth_repository.go:97.2,97.19 1 0
github.com/Wrendra57/Pos-app-be/internal/repositories/oauth_repository.go:100.121,105.19 4 0
github.com/Wrendra57/Pos-app-be/internal/repositories/oauth_repository.go:105.19,109.3 3 0
github.com/Wrendra57/Pos-app-be/internal/repositories/oauth_repository.go:110.2,110.22 1 0
github.com/Wrendra57/Pos-app-be/internal/repositories/oauth_repository.go:110.22,114.3 3 0
github.com/Wrendra57/Pos-app-be/internal/repositories/oauth_repository.go:115.2,115.22 1 0
github.com/Wrendra57/Pos-app-be/internal/repositories/oauth_repository.go:115.22,119.3 3 0
github.com/Wrendra57/Pos-app-be/internal/repositories/oauth_repository.go:120.2,137.16 12 0
github.com/Wrendra57/Pos-app-be/internal/repositories/oauth_repository.go:137.16,139.3 1 0
github.com/Wrendra57/Pos-app-be/internal/repositories/oauth_repository.go:142.2,147.16 4 0
github.com/Wrendra57/Pos-app-be/internal/repositories/oauth_repository.go:147.16,149.3 1 0
github.com/Wrendra57/Pos-app-be/internal/repositories/oauth_repository.go:151.2,151.15 1 0
github.com/Wrendra57/Pos-app-be/internal/repositories/oauth_repository.go:154.112,165.16 5 0
github.com/Wrendra57/Pos-app-be/internal/repositories/oauth_repository.go:165.16,168.3 2 0
github.com/Wrendra57/Pos-app-be/internal/repositories/oauth_repository.go:169.2,169.19 1 0
github.com/Wrendra57/Pos-app-be/internal/repositories/otp_repository.go:24.39,26.2 1 0
github.com/Wrendra57/Pos-app-be/internal/repositories/otp_repository.go:28.99,38.16 5 0
github.com/Wrendra57/Pos-app-be/internal/repositories/otp_repository.go:38.16,41.3 2 0
github.com/Wrendra57/Pos-app-be/internal/repositories/otp_repository.go:43.2,45.15 3 0
github.com/Wrendra57/Pos-app-be/internal/repositories/otp_repository.go:48.105,58.17 6 0
github.com/Wrendra57/Pos-app-be/internal/repositories/otp_repository.go:58.17,62.3 3 0
github.com/Wrendra57/Pos-app-be/internal/repositories/otp_repository.go:62.8,64.3 1 0
github.com/Wrendra57/Pos-app-be/internal/repositories/otp_repository.go:67.150,77.18 6 0
github.com/Wrendra57/Pos-app-be/internal/repositories/otp_repository.go:77.18,82.3 4 0
github.com/Wrendra57/Pos-app-be/internal/repositories/otp_repository.go:83.2,83.18 1 0
github.com/Wrendra57/Pos-app-be/internal/repositories/photos_repository.go:22.45,24.2 1 0
github.com/Wrendra57/Pos-app-be/internal/repositories/photos_repository.go:26.115,36.16 5 0
github.com/Wrendra57/Pos-app-be/internal/repositories/photos_repository.go:36.16,39.3 2 0
github.com/Wrendra57/Pos-app-be/internal/repositories/photos_repository.go:41.2,42.20 2 0
github.com/Wrendra57/Pos-app-be/internal/repositories/photos_repository.go:45.108,54.17 6 0
github.com/Wrendra57/Pos-app-be/internal/repositories/photos_repository.go:54.17,58.3 3 0
github.com/Wrendra57/Pos-app-be/internal/repositories/photos_repository.go:58.8,60.3 1 0
github.com/Wrendra57/Pos-app-be/internal/repositories/product_repository.go:18.47,20.2 1 0
github.com/Wrendra57/Pos-app-be/internal/repositories/product_repository.go:21.119,31.16 5 0
github.com/Wrendra57/Pos-app-be/internal/repositories/product_repository.go:31.16,34.3 2 0
github.com/Wrendra57/Pos-app-be/internal/repositories/product_repository.go:35.2,36.21 2 0
github.com/Wrendra57/Pos-app-be/internal/repositories/role_repository.go:22.41,24.2 1 0
github.com/Wrendra57/Pos-app-be/internal/repositories/role_repository.go:26.110,35.16 5 0
github.com/Wrendra57/Pos-app-be/internal/repositories/role_repository.go:35.16,38.3 2 0
github.com/Wrendra57/Pos-app-be/internal/repositories/role_repository.go:39.2,40.19 2 0
github.com/Wrendra57/Pos-app-be/internal/repositories/role_repository.go:43.109,53.17 6 0
github.com/Wrendra57/Pos-app-be/internal/repositories/role_repository.go:53.17,58.3 3 0
github.com/Wrendra57/Pos-app-be/internal/repositories/role_repository.go:58.8,60.3 1 0
github.com/Wrendra57/Pos-app-be/internal/repositories/role_repository.go:62.2,62.23 1 0
github.com/Wrendra57/Pos-app-be/internal/repositories/supplier_repository.go:20.49,22.2 1 0
github.com/Wrendra57/Pos-app-be/internal/repositories/supplier_repository.go:23.123,31.16 5 0
github.com/Wrendra57/Pos-app-be/internal/repositories/supplier_repository.go:31.16,33.3 1 0
github.com/Wrendra57/Pos-app-be/internal/repositories/supplier_repository.go:34.2,35.22 2 0
github.com/Wrendra57/Pos-app-be/internal/repositories/supplier_repository.go:37.131,51.18 7 0
github.com/Wrendra57/Pos-app-be/internal/repositories/supplier_repository.go:51.18,56.3 4 0
github.com/Wrendra57/Pos-app-be/internal/repositories/supplier_repository.go:57.2,57.18 1 0
github.com/Wrendra57/Pos-app-be/internal/repositories/user_repository.go:23.41,25.2 1 0
github.com/Wrendra57/Pos-app-be/internal/repositories/user_repository.go:27.112,37.16 5 0
github.com/Wrendra57/Pos-app-be/internal/repositories/user_repository.go:37.16,40.3 2 0
github.com/Wrendra57/Pos-app-be/internal/repositories/user_repository.go:42.2,43.18 2 0
github.com/Wrendra57/Pos-app-be/internal/repositories/user_repository.go:46.103,55.17 6 0
github.com/Wrendra57/Pos-app-be/internal/repositories/user_repository.go:55.17,60.3 3 0
github.com/Wrendra57/Pos-app-be/internal/repositories/user_repository.go:60.8,62.3 1 0
github.com/Wrendra57/Pos-app-be/internal/repositories/user_repository.go:65.115,90.17 6 0
github.com/Wrendra57/Pos-app-be/internal/repositories/user_repository.go:90.17,95.3 3 0
github.com/Wrendra57/Pos-app-be/internal/repositories/user_repository.go:95.8,97.3 1 0
github.com/Wrendra57/Pos-app-be/internal/routes/brand_routes.go:11.95,14.2 2 0
github.com/Wrendra57/Pos-app-be/internal/routes/category_routes.go:11.106,14.2 2 0
github.com/Wrendra57/Pos-app-be/internal/routes/otp_routes.go:10.96,13.2 2 0
github.com/Wrendra57/Pos-app-be/internal/routes/photos.go:11.102,13.2 1 0
github.com/Wrendra57/Pos-app-be/internal/routes/product_routes.go:11.101,13.2 1 0
github.com/Wrendra57/Pos-app-be/internal/routes/supplier_routes.go:11.111,14.2 2 0
github.com/Wrendra57/Pos-app-be/internal/routes/user_routes.go:11.95,15.2 3 0
github.com/Wrendra57/Pos-app-be/internal/services/brand_services.go:26.123,32.2 1 0
github.com/Wrendra57/Pos-app-be/internal/services/brand_services.go:34.30,45.16 6 0
github.com/Wrendra57/Pos-app-be/internal/services/brand_services.go:45.16,47.3 1 0
github.com/Wrendra57/Pos-app-be/internal/services/brand_services.go:49.2,49.44 1 0
github.com/Wrendra57/Pos-app-be/internal/services/brand_services.go:51.128,64.22 6 0
github.com/Wrendra57/Pos-app-be/internal/services/brand_services.go:64.22,66.3 1 0
github.com/Wrendra57/Pos-app-be/internal/services/brand_services.go:68.2,68.45 1 0
github.com/Wrendra57/Pos-app-be/internal/services/category_service.go:29.138,35.2 1 0
github.com/Wrendra57/Pos-app-be/internal/services/category_service.go:37.139,51.16 6 0
github.com/Wrendra57/Pos-app-be/internal/services/category_service.go:51.16,53.3 1 0
github.com/Wrendra57/Pos-app-be/internal/services/category_service.go:54.2,54.47 1 0
github.com/Wrendra57/Pos-app-be/internal/services/category_service.go:57.149,71.26 7 0
github.com/Wrendra57/Pos-app-be/internal/services/category_service.go:71.26,73.3 1 0
github.com/Wrendra57/Pos-app-be/internal/services/category_service.go:75.2,75.49 1 0
github.com/Wrendra57/Pos-app-be/internal/services/otp_service.go:33.79,41.2 1 0
github.com/Wrendra57/Pos-app-be/internal/services/otp_service.go:43.106,59.16 7 0
github.com/Wrendra57/Pos-app-be/internal/services/otp_service.go:59.16,61.3 1 0
github.com/Wrendra57/Pos-app-be/internal/services/otp_service.go:62.2,62.42 1 0
github.com/Wrendra57/Pos-app-be/internal/services/otp_service.go:65.123,67.16 2 0
github.com/Wrendra57/Pos-app-be/internal/services/otp_service.go:67.16,70.3 2 0
github.com/Wrendra57/Pos-app-be/internal/services/otp_service.go:71.2,81.16 6 0
github.com/Wrendra57/Pos-app-be/internal/services/otp_service.go:81.16,83.3 1 0
github.com/Wrendra57/Pos-app-be/internal/services/otp_service.go:84.2,84.29 1 0
github.com/Wrendra57/Pos-app-be/internal/services/otp_service.go:84.29,86.3 1 0
github.com/Wrendra57/Pos-app-be/internal/services/otp_service.go:88.2,89.16 2 0
github.com/Wrendra57/Pos-app-be/internal/services/otp_service.go:89.16,91.3 1 0
github.com/Wrendra57/Pos-app-be/internal/services/otp_service.go:92.2,92.34 1 0
github.com/Wrendra57/Pos-app-be/internal/services/otp_service.go:92.34,94.3 1 0
github.com/Wrendra57/Pos-app-be/internal/services/otp_service.go:96.2,96.22 1 0
github.com/Wrendra57/Pos-app-be/internal/services/otp_service.go:96.22,98.3 1 0
github.com/Wrendra57/Pos-app-be/internal/services/otp_service.go:101.2,104.37 3 0
github.com/Wrendra57/Pos-app-be/internal/services/otp_service.go:107.95,109.16 2 0
github.com/Wrendra57/Pos-app-be/internal/services/otp_service.go:109.16,111.3 1 0
github.com/Wrendra57/Pos-app-be/internal/services/otp_service.go:112.2,117.16 5 0
github.com/Wrendra57/Pos-app-be/internal/services/otp_service.go:117.16,120.3 2 0
github.com/Wrendra57/Pos-app-be/internal/services/otp_service.go:121.2,121.30 1 0
github.com/Wrendra57/Pos-app-be/internal/services/otp_service.go:121.30,123.3 1 0
github.com/Wrendra57/Pos-app-be/internal/services/otp_service.go:126.2,130.20 3 0
github.com/Wrendra57/Pos-app-be/internal/services/otp_service.go:130.20,133.3 2 0
github.com/Wrendra57/Pos-app-be/internal/services/otp_service.go:135.2,136.15 2 0
github.com/Wrendra57/Pos-app-be/internal/services/otp_service.go:136.15,139.3 2 0
github.com/Wrendra57/Pos-app-be/internal/services/otp_service.go:142.2,147.37 3 0
github.com/Wrendra57/Pos-app-be/internal/services/photos_service.go:37.46,43.2 1 0
github.com/Wrendra57/Pos-app-be/internal/services/photos_service.go:45.30,65.55 9 0
github.com/Wrendra57/Pos-app-be/internal/services/photos_service.go:65.55,67.17 2 0
github.com/Wrendra57/Pos-app-be/internal/services/photos_service.go:67.17,69.4 1 0
github.com/Wrendra57/Pos-app-be/internal/services/photos_service.go:72.2,81.40 7 0
github.com/Wrendra57/Pos-app-be/internal/services/photos_service.go:84.71,100.55 6 0
github.com/Wrendra57/Pos-app-be/internal/services/photos_service.go:100.55,102.17 2 0
github.com/Wrendra57/Pos-app-be/internal/services/photos_service.go:102.17,104.4 1 0
github.com/Wrendra57/Pos-app-be/internal/services/photos_service.go:106.2,113.15 6 0
github.com/Wrendra57/Pos-app-be/internal/services/product_service.go:31.138,39.2 1 0
github.com/Wrendra57/Pos-app-be/internal/services/product_service.go:41.145,66.38 9 0
github.com/Wrendra57/Pos-app-be/internal/services/product_service.go:66.38,69.3 2 0
github.com/Wrendra57/Pos-app-be/internal/services/product_service.go:71.2,71.46 1 0
github.com/Wrendra57/Pos-app-be/internal/services/supplier_services.go:27.135,33.2 1 0
github.com/Wrendra57/Pos-app-be/internal/services/supplier_services.go:34.137,46.16 6 0
github.com/Wrendra57/Pos-app-be/internal/services/supplier_services.go:46.16,48.3 1 0
github.com/Wrendra57/Pos-app-be/internal/services/supplier_services.go:49.2,49.47 1 0
github.com/Wrendra57/Pos-app-be/internal/services/supplier_services.go:52.132,64.25 7 0
github.com/Wrendra57/Pos-app-be/internal/services/supplier_services.go:64.25,66.3 1 0
github.com/Wrendra57/Pos-app-be/internal/services/supplier_services.go:67.2,67.24 1 0
github.com/Wrendra57/Pos-app-be/internal/services/user_service.go:43.55,54.2 1 0
github.com/Wrendra57/Pos-app-be/internal/services/user_service.go:57.31,67.16 6 0
github.com/Wrendra57/Pos-app-be/internal/services/user_service.go:67.16,71.3 2 0
github.com/Wrendra57/Pos-app-be/internal/services/user_service.go:74.2,75.16 2 0
github.com/Wrendra57/Pos-app-be/internal/services/user_service.go:75.16,78.3 1 0
github.com/Wrendra57/Pos-app-be/internal/services/user_service.go:81.2,82.16 2 0
github.com/Wrendra57/Pos-app-be/internal/services/user_service.go:82.16,85.3 1 0
github.com/Wrendra57/Pos-app-be/internal/services/user_service.go:87.2,148.44 21 0
github.com/Wrendra57/Pos-app-be/internal/services/user_service.go:152.8,161.16 5 0
github.com/Wrendra57/Pos-app-be/internal/services/user_service.go:161.16,164.3 1 0
github.com/Wrendra57/Pos-app-be/internal/services/user_service.go:165.2,165.19 1 0
github.com/Wrendra57/Pos-app-be/internal/services/user_service.go:165.19,168.3 1 0
github.com/Wrendra57/Pos-app-be/internal/services/user_service.go:170.2,172.22 2 0
github.com/Wrendra57/Pos-app-be/internal/services/user_service.go:172.22,175.3 1 0
github.com/Wrendra57/Pos-app-be/internal/services/user_service.go:178.2,185.77 5 0
github.com/Wrendra57/Pos-app-be/internal/services/user_service.go:189.97,196.28 4 0
github.com/Wrendra57/Pos-app-be/internal/services/user_service.go:196.28,201.3 4 0
github.com/Wrendra57/Pos-app-be/internal/services/user_service.go:204.2,210.16 5 0
github.com/Wrendra57/Pos-app-be/internal/services/user_service.go:210.16,212.3 1 0
github.com/Wrendra57/Pos-app-be/internal/services/user_service.go:215.2,222.43 5 0
github.com/Wrendra57/Pos-app-be/internal/utils/email.go:15.62,25.41 7 0
github.com/Wrendra57/Pos-app-be/internal/utils/email.go:25.41,28.3 2 0
github.com/Wrendra57/Pos-app-be/internal/utils/email.go:29.2,29.12 1 0
github.com/Wrendra57/Pos-app-be/internal/utils/hashing.go:5.52,8.2 2 0
github.com/Wrendra57/Pos-app-be/internal/utils/hashing.go:9.52,12.2 2 0
github.com/Wrendra57/Pos-app-be/internal/utils/helper.go:9.55,11.16 2 0
github.com/Wrendra57/Pos-app-be/internal/utils/helper.go:11.16,15.3 3 0
github.com/Wrendra57/Pos-app-be/internal/utils/helper.go:15.8,18.3 2 0
github.com/Wrendra57/Pos-app-be/internal/utils/jwt.go:17.64,28.16 5 0
github.com/Wrendra57/Pos-app-be/internal/utils/jwt.go:28.16,30.3 1 0
github.com/Wrendra57/Pos-app-be/internal/utils/jwt.go:31.2,31.25 1 0
github.com/Wrendra57/Pos-app-be/internal/utils/jwt.go:34.53,37.105 2 0
github.com/Wrendra57/Pos-app-be/internal/utils/jwt.go:37.105,39.3 1 0
github.com/Wrendra57/Pos-app-be/internal/utils/jwt.go:40.2,40.16 1 0
github.com/Wrendra57/Pos-app-be/internal/utils/jwt.go:40.16,44.3 2 0
github.com/Wrendra57/Pos-app-be/internal/utils/jwt.go:45.2,45.18 1 0
github.com/Wrendra57/Pos-app-be/internal/utils/jwt.go:45.18,48.3 2 0
github.com/Wrendra57/Pos-app-be/internal/utils/jwt.go:50.2,51.9 2 0
github.com/Wrendra57/Pos-app-be/internal/utils/jwt.go:51.9,55.3 2 0
github.com/Wrendra57/Pos-app-be/internal/utils/jwt.go:57.2,57.20 1 0
github.com/Wrendra57/Pos-app-be/internal/utils/otp.go:9.27,13.2 3 0
github.com/Wrendra57/Pos-app-be/internal/utils/panicIfErr.go:5.30,6.16 1 0
github.com/Wrendra57/Pos-app-be/internal/utils/panicIfErr.go:6.16,8.13 2 0
github.com/Wrendra57/Pos-app-be/internal/utils/wa.go:13.39,20.16 5 0
github.com/Wrendra57/Pos-app-be/internal/utils/wa.go:20.16,21.13 1 0
github.com/Wrendra57/Pos-app-be/internal/utils/wa.go:24.2,34.16 8 0
github.com/Wrendra57/Pos-app-be/internal/utils/wa.go:34.16,36.3 1 0
github.com/Wrendra57/Pos-app-be/internal/utils/wa.go:37.2,40.16 3 0
github.com/Wrendra57/Pos-app-be/internal/utils/wa.go:40.16,42.3 1 0
github.com/Wrendra57/Pos-app-be/internal/utils/wa.go:44.2,45.45 2 0
github.com/Wrendra57/Pos-app-be/internal/utils/exception/error_handle.go:16.66,18.58 2 0
github.com/Wrendra57/Pos-app-be/internal/utils/exception/error_handle.go:18.58,20.3 1 0
github.com/Wrendra57/Pos-app-be/internal/utils/exception/error_handle.go:22.2,22.55 1 0
github.com/Wrendra57/Pos-app-be/internal/utils/exception/error_handle.go:22.55,28.3 5 0
github.com/Wrendra57/Pos-app-be/internal/utils/exception/error_handle.go:29.2,29.15 1 0
github.com/Wrendra57/Pos-app-be/internal/utils/exception/error_handle.go:32.62,33.17 1 0
github.com/Wrendra57/Pos-app-be/internal/utils/exception/error_handle.go:34.18,35.56 1 0
github.com/Wrendra57/Pos-app-be/internal/utils/exception/error_handle.go:36.13,37.91 1 0
github.com/Wrendra57/Pos-app-be/internal/utils/exception/error_handle.go:38.13,39.90 1 0
github.com/Wrendra57/Pos-app-be/internal/utils/exception/error_handle.go:40.15,41.74 1 0
github.com/Wrendra57/Pos-app-be/internal/utils/exception/error_handle.go:42.15,43.68 1 0
github.com/Wrendra57/Pos-app-be/internal/utils/exception/error_handle.go:44.18,45.87 1 0
github.com/Wrendra57/Pos-app-be/internal/utils/exception/error_handle.go:47.10,48.91 1 0
github.com/Wrendra57/Pos-app-be/internal/utils/exception/error_handle.go:51.97,60.2 1 0
github.com/Wrendra57/Pos-app-be/internal/utils/exception/error_handle.go:61.76,62.17 1 0
github.com/Wrendra57/Pos-app-be/internal/utils/exception/error_handle.go:62.17,64.3 1 0
github.com/Wrendra57/Pos-app-be/internal/utils/exception/error_handle.go:65.2,70.4 1 0
github.com/Wrendra57/Pos-app-be/internal/utils/exception/error_handle.go:72.85,73.17 1 0
github.com/Wrendra57/Pos-app-be/internal/utils/exception/error_handle.go:73.17,76.3 1 0
github.com/Wrendra57/Pos-app-be/internal/utils/exception/error_handle.go:77.2,82.4 1 0
github.com/Wrendra57/Pos-app-be/internal/utils/exception/error_handle.go:84.62,92.2 2 0
github.com/Wrendra57/Pos-app-be/internal/utils/template_response/user.go:8.81,22.2 1 0
github.com/Wrendra57/Pos-app-be/pkg/validator.go:7.40,11.2 2 0
github.com/Wrendra57/Pos-app-be/pkg/validator.go:13.72,15.2 1 0
github.com/Wrendra57/Pos-app-be/pkg/db/db.go:11.51,26.16 9 0
github.com/Wrendra57/Pos-app-be/pkg/db/db.go:26.16,28.3 1 0
github.com/Wrendra57/Pos-app-be/pkg/db/db.go:31.2,31.20 1 0
github.com/Wrendra57/Pos-app-be/pkg/db/db.go:31.20,33.3 1 0
github.com/Wrendra57/Pos-app-be/pkg/db/db.go:35.2,35.25 1 0
github.com/Wrendra57/Pos-app-be/pkg/db/redis.go:5.34,12.2 2 0
github.com/Wrendra57/Pos-app-be/test/server.go:12.51,22.16 8 0
github.com/Wrendra57/Pos-app-be/test/server.go:22.16,24.3 1 0
github.com/Wrendra57/Pos-app-be/test/server.go:27.2,27.20 1 0
github.com/Wrendra57/Pos-app-be/test/server.go:27.20,30.3 1 0
github.com/Wrendra57/Pos-app-be/test/server.go:32.2,32.25 1 0
github.com/Wrendra57/Pos-app-be/test/server.go:35.37,42.2 2 0
github.com/Wrendra57/Pos-app-be/test/server.go:44.41,46.16 2 0
github.com/Wrendra57/Pos-app-be/test/server.go:46.16,47.13 1 0
github.com/Wrendra57/Pos-app-be/test/server.go:49.2,49.15 1 0
github.com/Wrendra57/Pos-app-be/test/server.go:49.15,50.17 1 0
github.com/Wrendra57/Pos-app-be/test/server.go:50.17,52.4 1 0
github.com/Wrendra57/Pos-app-be/test/server.go:52.9,54.4 1 0
github.com/Wrendra57/Pos-app-be/test/server.go:56.2,59.16 3 0
github.com/Wrendra57/Pos-app-be/test/server.go:59.16,61.3 1 0
github.com/Wrendra57/Pos-app-be/test/server.go:63.2,63.12 1 0
github.com/Wrendra57/Pos-app-be/test/server.go:65.23,70.45 5 0
github.com/Wrendra57/Pos-app-be/test/server.go:70.45,72.3 1 0
github.com/Wrendra57/Pos-app-be/wire_gen.go:26.50,28.16 2 15
github.com/Wrendra57/Pos-app-be/wire_gen.go:28.16,30.3 1 0
github.com/Wrendra57/Pos-app-be/wire_gen.go:31.2,50.16 20 15
github.com/Wrendra57/Pos-app-be/wire_gen.go:50.16,53.3 2 0
github.com/Wrendra57/Pos-app-be/wire_gen.go:54.2,54.21 1 15
github.com/Wrendra57/Pos-app-be/wire_gen.go:54.21,57.3 2 15
github.com/Wrendra57/Pos-app-be/wire_gen.go:73.31,83.42 6 15
github.com/Wrendra57/Pos-app-be/wire_gen.go:83.42,85.3 1 0
github.com/Wrendra57/Pos-app-be/wire_gen.go:87.2,96.20 9 15
github.com/Wrendra57/Pos-app-be/wire_gen.go:96.20,99.3 2 15
github.com/Wrendra57/Pos-app-be/wire_gen.go:101.2,101.26 1 15
github.com/Wrendra57/Pos-app-be/config/config.go:12.19,18.45 5 15
github.com/Wrendra57/Pos-app-be/config/config.go:18.45,20.3 1 0
github.com/Wrendra57/Pos-app-be/config/database.go:5.31,11.2 2 47
github.com/Wrendra57/Pos-app-be/internal/controllers/brand_controller.go:14.93,15.36 1 15
github.com/Wrendra57/Pos-app-be/internal/controllers/brand_controller.go:15.36,17.50 2 7
github.com/Wrendra57/Pos-app-be/internal/controllers/brand_controller.go:17.50,20.4 2 0
github.com/Wrendra57/Pos-app-be/internal/controllers/brand_controller.go:22.3,22.64 1 7
github.com/Wrendra57/Pos-app-be/internal/controllers/brand_controller.go:22.64,25.4 2 6
github.com/Wrendra57/Pos-app-be/internal/controllers/brand_controller.go:27.3,28.17 2 1
github.com/Wrendra57/Pos-app-be/internal/controllers/brand_controller.go:28.17,30.4 1 0
github.com/Wrendra57/Pos-app-be/internal/controllers/brand_controller.go:31.3,31.54 1 1
github.com/Wrendra57/Pos-app-be/internal/controllers/brand_controller.go:35.91,36.36 1 15
github.com/Wrendra57/Pos-app-be/internal/controllers/brand_controller.go:36.36,43.21 5 7
github.com/Wrendra57/Pos-app-be/internal/controllers/brand_controller.go:43.21,45.18 2 4
github.com/Wrendra57/Pos-app-be/internal/controllers/brand_controller.go:45.18,47.5 1 1
github.com/Wrendra57/Pos-app-be/internal/controllers/brand_controller.go:48.4,48.25 1 3
github.com/Wrendra57/Pos-app-be/internal/controllers/brand_controller.go:49.9,51.4 1 3
github.com/Wrendra57/Pos-app-be/internal/controllers/brand_controller.go:53.3,53.22 1 6
github.com/Wrendra57/Pos-app-be/internal/controllers/brand_controller.go:53.22,55.18 2 5
github.com/Wrendra57/Pos-app-be/internal/controllers/brand_controller.go:55.18,57.5 1 1
github.com/Wrendra57/Pos-app-be/internal/controllers/brand_controller.go:58.4,58.27 1 4
github.com/Wrendra57/Pos-app-be/internal/controllers/brand_controller.go:59.9,61.4 1 1
github.com/Wrendra57/Pos-app-be/internal/controllers/brand_controller.go:63.3,64.17 2 5
github.com/Wrendra57/Pos-app-be/internal/controllers/brand_controller.go:64.17,66.4 1 0
github.com/Wrendra57/Pos-app-be/internal/controllers/brand_controller.go:68.3,68.69 1 5
github.com/Wrendra57/Pos-app-be/internal/controllers/category_controller.go:14.99,15.36 1 15
github.com/Wrendra57/Pos-app-be/internal/controllers/category_controller.go:15.36,17.50 2 0
github.com/Wrendra57/Pos-app-be/internal/controllers/category_controller.go:17.50,21.4 2 0
github.com/Wrendra57/Pos-app-be/internal/controllers/category_controller.go:23.3,23.64 1 0
github.com/Wrendra57/Pos-app-be/internal/controllers/category_controller.go:23.64,26.4 2 0
github.com/Wrendra57/Pos-app-be/internal/controllers/category_controller.go:27.3,28.17 2 0
github.com/Wrendra57/Pos-app-be/internal/controllers/category_controller.go:28.17,30.4 1 0
github.com/Wrendra57/Pos-app-be/internal/controllers/category_controller.go:31.3,31.70 1 0
github.com/Wrendra57/Pos-app-be/internal/controllers/category_controller.go:35.97,36.36 1 15
github.com/Wrendra57/Pos-app-be/internal/controllers/category_controller.go:36.36,43.21 5 0
github.com/Wrendra57/Pos-app-be/internal/controllers/category_controller.go:43.21,45.18 2 0
github.com/Wrendra57/Pos-app-be/internal/controllers/category_controller.go:45.18,47.5 1 0
github.com/Wrendra57/Pos-app-be/internal/controllers/category_controller.go:48.4,48.25 1 0
github.com/Wrendra57/Pos-app-be/internal/controllers/category_controller.go:49.9,51.4 1 0
github.com/Wrendra57/Pos-app-be/internal/controllers/category_controller.go:53.3,53.22 1 0
github.com/Wrendra57/Pos-app-be/internal/controllers/category_controller.go:53.22,55.18 2 0
github.com/Wrendra57/Pos-app-be/internal/controllers/category_controller.go:55.18,57.5 1 0
github.com/Wrendra57/Pos-app-be/internal/controllers/category_controller.go:58.4,58.27 1 0
github.com/Wrendra57/Pos-app-be/internal/controllers/category_controller.go:59.9,61.4 1 0
github.com/Wrendra57/Pos-app-be/internal/controllers/category_controller.go:63.3,64.17 2 0
github.com/Wrendra57/Pos-app-be/internal/controllers/category_controller.go:64.17,66.4 1 0
github.com/Wrendra57/Pos-app-be/internal/controllers/category_controller.go:67.3,67.74 1 0
github.com/Wrendra57/Pos-app-be/internal/controllers/otp_controller.go:13.91,14.36 1 15
github.com/Wrendra57/Pos-app-be/internal/controllers/otp_controller.go:14.36,16.50 2 0
github.com/Wrendra57/Pos-app-be/internal/controllers/otp_controller.go:16.50,19.4 2 0
github.com/Wrendra57/Pos-app-be/internal/controllers/otp_controller.go:20.3,23.64 2 0
github.com/Wrendra57/Pos-app-be/internal/controllers/otp_controller.go:23.64,26.4 2 0
github.com/Wrendra57/Pos-app-be/internal/controllers/otp_controller.go:27.3,29.19 2 0
github.com/Wrendra57/Pos-app-be/internal/controllers/otp_controller.go:29.19,31.4 1 0
github.com/Wrendra57/Pos-app-be/internal/controllers/otp_controller.go:33.3,33.65 1 0
github.com/Wrendra57/Pos-app-be/internal/controllers/otp_controller.go:36.89,37.36 1 15
github.com/Wrendra57/Pos-app-be/internal/controllers/otp_controller.go:37.36,43.17 3 0
github.com/Wrendra57/Pos-app-be/internal/controllers/otp_controller.go:43.17,45.4 1 0
github.com/Wrendra57/Pos-app-be/internal/controllers/otp_controller.go:46.3,46.71 1 0
github.com/Wrendra57/Pos-app-be/internal/controllers/photo_controller.go:15.94,16.36 1 15
github.com/Wrendra57/Pos-app-be/internal/controllers/photo_controller.go:16.36,32.64 10 0
github.com/Wrendra57/Pos-app-be/internal/controllers/photo_controller.go:32.64,35.4 2 0
github.com/Wrendra57/Pos-app-be/internal/controllers/photo_controller.go:36.3,37.19 2 0
github.com/Wrendra57/Pos-app-be/internal/controllers/photo_controller.go:37.19,40.4 2 0
github.com/Wrendra57/Pos-app-be/internal/controllers/photo_controller.go:42.3,42.57 1 0
github.com/Wrendra57/Pos-app-be/internal/controllers/product_controller.go:16.97,17.36 1 15
github.com/Wrendra57/Pos-app-be/internal/controllers/product_controller.go:17.36,24.21 5 0
github.com/Wrendra57/Pos-app-be/internal/controllers/product_controller.go:24.21,26.4 1 0
github.com/Wrendra57/Pos-app-be/internal/controllers/product_controller.go:27.3,32.24 5 0
github.com/Wrendra57/Pos-app-be/internal/controllers/product_controller.go:32.24,34.4 1 0
github.com/Wrendra57/Pos-app-be/internal/controllers/product_controller.go:35.3,35.80 1 0
github.com/Wrendra57/Pos-app-be/internal/controllers/product_controller.go:35.80,40.4 1 0
github.com/Wrendra57/Pos-app-be/internal/controllers/product_controller.go:42.3,43.21 2 0
github.com/Wrendra57/Pos-app-be/internal/controllers/product_controller.go:43.21,45.4 1 0
github.com/Wrendra57/Pos-app-be/internal/controllers/product_controller.go:46.3,52.62 3 0
github.com/Wrendra57/Pos-app-be/internal/controllers/product_controller.go:52.62,57.4 1 0
github.com/Wrendra57/Pos-app-be/internal/controllers/product_controller.go:58.3,64.24 6 0
github.com/Wrendra57/Pos-app-be/internal/controllers/product_controller.go:64.24,66.4 1 0
github.com/Wrendra57/Pos-app-be/internal/controllers/product_controller.go:67.3,67.80 1 0
github.com/Wrendra57/Pos-app-be/internal/controllers/product_controller.go:67.80,72.4 1 0
github.com/Wrendra57/Pos-app-be/internal/controllers/product_controller.go:73.3,74.17 2 0
github.com/Wrendra57/Pos-app-be/internal/controllers/product_controller.go:74.17,79.4 1 0
github.com/Wrendra57/Pos-app-be/internal/controllers/product_controller.go:81.3,85.21 4 0
github.com/Wrendra57/Pos-app-be/internal/controllers/product_controller.go:85.21,87.4 1 0
github.com/Wrendra57/Pos-app-be/internal/controllers/product_controller.go:89.3,89.64 1 0
github.com/Wrendra57/Pos-app-be/internal/controllers/product_controller.go:89.64,92.4 2 0
github.com/Wrendra57/Pos-app-be/internal/controllers/product_controller.go:94.3,96.10 3 0
github.com/Wrendra57/Pos-app-be/internal/controllers/product_controller.go:96.10,98.4 1 0
github.com/Wrendra57/Pos-app-be/internal/controllers/product_controller.go:100.3,100.60 1 0
github.com/Wrendra57/Pos-app-be/internal/controllers/supplier_controller.go:14.99,15.36 1 15
github.com/Wrendra57/Pos-app-be/internal/controllers/supplier_controller.go:15.36,17.50 2 0
github.com/Wrendra57/Pos-app-be/internal/controllers/supplier_controller.go:17.50,20.4 2 0
github.com/Wrendra57/Pos-app-be/internal/controllers/supplier_controller.go:22.3,22.64 1 0
github.com/Wrendra57/Pos-app-be/internal/controllers/supplier_controller.go:22.64,25.4 2 0
github.com/Wrendra57/Pos-app-be/internal/controllers/supplier_controller.go:26.3,27.17 2 0
github.com/Wrendra57/Pos-app-be/internal/controllers/supplier_controller.go:27.17,29.4 1 0
github.com/Wrendra57/Pos-app-be/internal/controllers/supplier_controller.go:30.3,30.70 1 0
github.com/Wrendra57/Pos-app-be/internal/controllers/supplier_controller.go:34.105,35.36 1 15
github.com/Wrendra57/Pos-app-be/internal/controllers/supplier_controller.go:35.36,42.21 5 0
github.com/Wrendra57/Pos-app-be/internal/controllers/supplier_controller.go:42.21,44.18 2 0
github.com/Wrendra57/Pos-app-be/internal/controllers/supplier_controller.go:44.18,46.5 1 0
github.com/Wrendra57/Pos-app-be/internal/controllers/supplier_controller.go:47.4,47.25 1 0
github.com/Wrendra57/Pos-app-be/internal/controllers/supplier_controller.go:48.9,50.4 1 0
github.com/Wrendra57/Pos-app-be/internal/controllers/supplier_controller.go:52.3,52.22 1 0
github.com/Wrendra57/Pos-app-be/internal/controllers/supplier_controller.go:52.22,54.18 2 0
github.com/Wrendra57/Pos-app-be/internal/controllers/supplier_controller.go:54.18,56.5 1 0
github.com/Wrendra57/Pos-app-be/internal/controllers/supplier_controller.go:57.4,57.27 1 0
github.com/Wrendra57/Pos-app-be/internal/controllers/supplier_controller.go:58.9,60.4 1 0
github.com/Wrendra57/Pos-app-be/internal/controllers/supplier_controller.go:62.3,63.72 2 0
github.com/Wrendra57/Pos-app-be/internal/controllers/user_contoller.go:16.91,17.36 1 15
github.com/Wrendra57/Pos-app-be/internal/controllers/user_contoller.go:17.36,24.29 5 0
github.com/Wrendra57/Pos-app-be/internal/controllers/user_contoller.go:24.29,27.4 2 0
github.com/Wrendra57/Pos-app-be/internal/controllers/user_contoller.go:28.3,29.17 2 0
github.com/Wrendra57/Pos-app-be/internal/controllers/user_contoller.go:29.17,32.4 2 0
github.com/Wrendra57/Pos-app-be/internal/controllers/user_contoller.go:34.3,37.64 2 0
github.com/Wrendra57/Pos-app-be/internal/controllers/user_contoller.go:37.64,40.4 2 0
github.com/Wrendra57/Pos-app-be/internal/controllers/user_contoller.go:41.3,43.17 2 0
github.com/Wrendra57/Pos-app-be/internal/controllers/user_contoller.go:43.17,45.4 1 0
github.com/Wrendra57/Pos-app-be/internal/controllers/user_contoller.go:47.3,54.54 3 0
github.com/Wrendra57/Pos-app-be/internal/controllers/user_contoller.go:58.90,59.36 1 15
github.com/Wrendra57/Pos-app-be/internal/controllers/user_contoller.go:59.36,64.64 4 0
github.com/Wrendra57/Pos-app-be/internal/controllers/user_contoller.go:64.64,67.4 2 0
github.com/Wrendra57/Pos-app-be/internal/controllers/user_contoller.go:69.3,71.10 2 0
github.com/Wrendra57/Pos-app-be/internal/controllers/user_contoller.go:71.10,73.4 1 0
github.com/Wrendra57/Pos-app-be/internal/controllers/user_contoller.go:74.3,74.63 1 0
github.com/Wrendra57/Pos-app-be/internal/controllers/user_contoller.go:79.57,80.36 1 15
github.com/Wrendra57/Pos-app-be/internal/controllers/user_contoller.go:80.36,83.10 2 0
github.com/Wrendra57/Pos-app-be/internal/controllers/user_contoller.go:83.10,85.4 1 0
github.com/Wrendra57/Pos-app-be/internal/controllers/user_contoller.go:86.3,86.66 1 0
github.com/Wrendra57/Pos-app-be/internal/middleware/auth_middleware.go:10.35,11.34 1 90
github.com/Wrendra57/Pos-app-be/internal/middleware/auth_middleware.go:11.34,14.23 2 8
github.com/Wrendra57/Pos-app-be/internal/middleware/auth_middleware.go:14.23,16.4 1 1
github.com/Wrendra57/Pos-app-be/internal/middleware/auth_middleware.go:18.3,18.48 1 7
github.com/Wrendra57/Pos-app-be/internal/middleware/auth_middleware.go:18.48,20.4 1 0
github.com/Wrendra57/Pos-app-be/internal/middleware/auth_middleware.go:23.3,28.17 3 7
github.com/Wrendra57/Pos-app-be/internal/middleware/auth_middleware.go:28.17,30.4 1 0
github.com/Wrendra57/Pos-app-be/internal/middleware/auth_middleware.go:31.3,34.18 3 7
github.com/Wrendra57/Pos-app-be/internal/middleware/error_handling.go:8.40,9.34 1 15
github.com/Wrendra57/Pos-app-be/internal/middleware/error_handling.go:9.34,10.16 1 15
github.com/Wrendra57/Pos-app-be/internal/middleware/error_handling.go:10.16,11.32 1 15
github.com/Wrendra57/Pos-app-be/internal/middleware/error_handling.go:11.32,19.5 2 0
github.com/Wrendra57/Pos-app-be/internal/middleware/error_handling.go:21.3,21.18 1 15
github.com/Wrendra57/Pos-app-be/internal/repositories/brand_repository.go:20.43,22.2 1 50
github.com/Wrendra57/Pos-app-be/internal/repositories/brand_repository.go:24.111,32.16 5 36
github.com/Wrendra57/Pos-app-be/internal/repositories/brand_repository.go:32.16,34.3 1 0
github.com/Wrendra57/Pos-app-be/internal/repositories/brand_repository.go:35.2,36.19 2 36
github.com/Wrendra57/Pos-app-be/internal/repositories/brand_repository.go:39.116,54.18 7 5
github.com/Wrendra57/Pos-app-be/internal/repositories/brand_repository.go:54.18,59.3 4 16
github.com/Wrendra57/Pos-app-be/internal/repositories/brand_repository.go:60.2,60.15 1 5
github.com/Wrendra57/Pos-app-be/internal/repositories/categories_respository.go:22.54,24.2 1 15
github.com/Wrendra57/Pos-app-be/internal/repositories/categories_respository.go:26.119,33.16 5 0
github.com/Wrendra57/Pos-app-be/internal/repositories/categories_respository.go:33.16,36.3 2 0
github.com/Wrendra57/Pos-app-be/internal/repositories/categories_respository.go:37.2,38.15 2 0
github.com/Wrendra57/Pos-app-be/internal/repositories/categories_respository.go:41.60,57.18 7 0
github.com/Wrendra57/Pos-app-be/internal/repositories/categories_respository.go:57.18,62.3 4 0
github.com/Wrendra57/Pos-app-be/internal/repositories/categories_respository.go:63.2,63.19 1 0
github.com/Wrendra57/Pos-app-be/internal/repositories/oauth_repository.go:26.43,28.2 1 21
github.com/Wrendra57/Pos-app-be/internal/repositories/oauth_repository.go:30.117,38.16 5 3
github.com/Wrendra57/Pos-app-be/internal/repositories/oauth_repository.go:38.16,41.3 2 0
github.com/Wrendra57/Pos-app-be/internal/repositories/oauth_repository.go:43.2,43.19 1 3
github.com/Wrendra57/Pos-app-be/internal/repositories/oauth_repository.go:47.9,57.16 5 0
github.com/Wrendra57/Pos-app-be/internal/repositories/oauth_repository.go:57.16,60.3 2 0
github.com/Wrendra57/Pos-app-be/internal/repositories/oauth_repository.go:62.2,62.19 1 0
github.com/Wrendra57/Pos-app-be/internal/repositories/oauth_repository.go:65.9,76.16 5 0
github.com/Wrendra57/Pos-app-be/internal/repositories/oauth_repository.go:76.16,79.3 2 0
github.com/Wrendra57/Pos-app-be/internal/repositories/oauth_repository.go:81.2,81.19 1 0
github.com/Wrendra57/Pos-app-be/internal/repositories/oauth_repository.go:83.104,93.16 5 0
github.com/Wrendra57/Pos-app-be/internal/repositories/oauth_repository.go:93.16,96.3 2 0
github.com/Wrendra57/Pos-app-be/internal/repositories/oauth_repository.go:97.2,97.19 1 0
github.com/Wrendra57/Pos-app-be/internal/repositories/oauth_repository.go:100.121,105.19 4 3
github.com/Wrendra57/Pos-app-be/internal/repositories/oauth_repository.go:105.19,109.3 3 0
github.com/Wrendra57/Pos-app-be/internal/repositories/oauth_repository.go:110.2,110.22 1 3
github.com/Wrendra57/Pos-app-be/internal/repositories/oauth_repository.go:110.22,114.3 3 0
github.com/Wrendra57/Pos-app-be/internal/repositories/oauth_repository.go:115.2,115.22 1 3
github.com/Wrendra57/Pos-app-be/internal/repositories/oauth_repository.go:115.22,119.3 3 0
github.com/Wrendra57/Pos-app-be/internal/repositories/oauth_repository.go:120.2,137.16 12 3
github.com/Wrendra57/Pos-app-be/internal/repositories/oauth_repository.go:137.16,139.3 1 0
github.com/Wrendra57/Pos-app-be/internal/repositories/oauth_repository.go:142.2,147.16 4 3
github.com/Wrendra57/Pos-app-be/internal/repositories/oauth_repository.go:147.16,149.3 1 0
github.com/Wrendra57/Pos-app-be/internal/repositories/oauth_repository.go:151.2,151.15 1 3
github.com/Wrendra57/Pos-app-be/internal/repositories/oauth_repository.go:154.112,165.16 5 0
github.com/Wrendra57/Pos-app-be/internal/repositories/oauth_repository.go:165.16,168.3 2 0
github.com/Wrendra57/Pos-app-be/internal/repositories/oauth_repository.go:169.2,169.19 1 0
github.com/Wrendra57/Pos-app-be/internal/repositories/otp_repository.go:24.39,26.2 1 18
github.com/Wrendra57/Pos-app-be/internal/repositories/otp_repository.go:28.99,38.16 5 3
github.com/Wrendra57/Pos-app-be/internal/repositories/otp_repository.go:38.16,41.3 2 0
github.com/Wrendra57/Pos-app-be/internal/repositories/otp_repository.go:43.2,45.15 3 3
github.com/Wrendra57/Pos-app-be/internal/repositories/otp_repository.go:48.105,58.17 6 0
github.com/Wrendra57/Pos-app-be/internal/repositories/otp_repository.go:58.17,62.3 3 0
github.com/Wrendra57/Pos-app-be/internal/repositories/otp_repository.go:62.8,64.3 1 0
github.com/Wrendra57/Pos-app-be/internal/repositories/otp_repository.go:67.150,77.18 6 0
github.com/Wrendra57/Pos-app-be/internal/repositories/otp_repository.go:77.18,82.3 4 0
github.com/Wrendra57/Pos-app-be/internal/repositories/otp_repository.go:83.2,83.18 1 0
github.com/Wrendra57/Pos-app-be/internal/repositories/photos_repository.go:22.45,24.2 1 18
github.com/Wrendra57/Pos-app-be/internal/repositories/photos_repository.go:26.115,36.16 5 3
github.com/Wrendra57/Pos-app-be/internal/repositories/photos_repository.go:36.16,39.3 2 0
github.com/Wrendra57/Pos-app-be/internal/repositories/photos_repository.go:41.2,42.20 2 3
github.com/Wrendra57/Pos-app-be/internal/repositories/photos_repository.go:45.108,54.17 6 0
github.com/Wrendra57/Pos-app-be/internal/repositories/photos_repository.go:54.17,58.3 3 0
github.com/Wrendra57/Pos-app-be/internal/repositories/photos_repository.go:58.8,60.3 1 0
github.com/Wrendra57/Pos-app-be/internal/repositories/product_repository.go:18.47,20.2 1 15
github.com/Wrendra57/Pos-app-be/internal/repositories/product_repository.go:21.119,31.16 5 0
github.com/Wrendra57/Pos-app-be/internal/repositories/product_repository.go:31.16,34.3 2 0
github.com/Wrendra57/Pos-app-be/internal/repositories/product_repository.go:35.2,36.21 2 0
github.com/Wrendra57/Pos-app-be/internal/repositories/role_repository.go:22.41,24.2 1 18
github.com/Wrendra57/Pos-app-be/internal/repositories/role_repository.go:26.110,35.16 5 3
github.com/Wrendra57/Pos-app-be/internal/repositories/role_repository.go:35.16,38.3 2 0
github.com/Wrendra57/Pos-app-be/internal/repositories/role_repository.go:39.2,40.19 2 3
github.com/Wrendra57/Pos-app-be/internal/repositories/role_repository.go:43.109,53.17 6 0
github.com/Wrendra57/Pos-app-be/internal/repositories/role_repository.go:53.17,58.3 3 0
github.com/Wrendra57/Pos-app-be/internal/repositories/role_repository.go:58.8,60.3 1 0
github.com/Wrendra57/Pos-app-be/internal/repositories/role_repository.go:62.2,62.23 1 0
github.com/Wrendra57/Pos-app-be/internal/repositories/supplier_repository.go:20.49,22.2 1 15
github.com/Wrendra57/Pos-app-be/internal/repositories/supplier_repository.go:23.123,31.16 5 0
github.com/Wrendra57/Pos-app-be/internal/repositories/supplier_repository.go:31.16,33.3 1 0
github.com/Wrendra57/Pos-app-be/internal/repositories/supplier_repository.go:34.2,35.22 2 0
github.com/Wrendra57/Pos-app-be/internal/repositories/supplier_repository.go:37.131,51.18 7 0
github.com/Wrendra57/Pos-app-be/internal/repositories/supplier_repository.go:51.18,56.3 4 0
github.com/Wrendra57/Pos-app-be/internal/repositories/supplier_repository.go:57.2,57.18 1 0
github.com/Wrendra57/Pos-app-be/internal/repositories/user_repository.go:23.41,25.2 1 18
github.com/Wrendra57/Pos-app-be/internal/repositories/user_repository.go:27.112,37.16 5 3
github.com/Wrendra57/Pos-app-be/internal/repositories/user_repository.go:37.16,40.3 2 0
github.com/Wrendra57/Pos-app-be/internal/repositories/user_repository.go:42.2,43.18 2 3
github.com/Wrendra57/Pos-app-be/internal/repositories/user_repository.go:46.103,55.17 6 0
github.com/Wrendra57/Pos-app-be/internal/repositories/user_repository.go:55.17,60.3 3 0
github.com/Wrendra57/Pos-app-be/internal/repositories/user_repository.go:60.8,62.3 1 0
github.com/Wrendra57/Pos-app-be/internal/repositories/user_repository.go:65.115,90.17 6 0
github.com/Wrendra57/Pos-app-be/internal/repositories/user_repository.go:90.17,95.3 3 0
github.com/Wrendra57/Pos-app-be/internal/repositories/user_repository.go:95.8,97.3 1 0
github.com/Wrendra57/Pos-app-be/internal/routes/brand_routes.go:11.95,14.2 2 15
github.com/Wrendra57/Pos-app-be/internal/routes/category_routes.go:11.106,14.2 2 15
github.com/Wrendra57/Pos-app-be/internal/routes/otp_routes.go:10.96,13.2 2 15
github.com/Wrendra57/Pos-app-be/internal/routes/photos.go:11.102,13.2 1 15
github.com/Wrendra57/Pos-app-be/internal/routes/product_routes.go:11.101,13.2 1 15
github.com/Wrendra57/Pos-app-be/internal/routes/supplier_routes.go:11.111,14.2 2 15
github.com/Wrendra57/Pos-app-be/internal/routes/user_routes.go:11.95,15.2 3 15
github.com/Wrendra57/Pos-app-be/internal/services/brand_services.go:26.123,32.2 1 15
github.com/Wrendra57/Pos-app-be/internal/services/brand_services.go:34.30,45.16 6 1
github.com/Wrendra57/Pos-app-be/internal/services/brand_services.go:45.16,47.3 1 0
github.com/Wrendra57/Pos-app-be/internal/services/brand_services.go:49.2,49.44 1 1
github.com/Wrendra57/Pos-app-be/internal/services/brand_services.go:51.128,64.22 6 5
github.com/Wrendra57/Pos-app-be/internal/services/brand_services.go:64.22,66.3 1 1
github.com/Wrendra57/Pos-app-be/internal/services/brand_services.go:68.2,68.45 1 5
github.com/Wrendra57/Pos-app-be/internal/services/category_service.go:29.138,35.2 1 15
github.com/Wrendra57/Pos-app-be/internal/services/category_service.go:37.139,51.16 6 0
github.com/Wrendra57/Pos-app-be/internal/services/category_service.go:51.16,53.3 1 0
github.com/Wrendra57/Pos-app-be/internal/services/category_service.go:54.2,54.47 1 0
github.com/Wrendra57/Pos-app-be/internal/services/category_service.go:57.149,71.26 7 0
github.com/Wrendra57/Pos-app-be/internal/services/category_service.go:71.26,73.3 1 0
github.com/Wrendra57/Pos-app-be/internal/services/category_service.go:75.2,75.49 1 0
github.com/Wrendra57/Pos-app-be/internal/services/otp_service.go:33.79,41.2 1 15
github.com/Wrendra57/Pos-app-be/internal/services/otp_service.go:43.106,59.16 7 0
github.com/Wrendra57/Pos-app-be/internal/services/otp_service.go:59.16,61.3 1 0
github.com/Wrendra57/Pos-app-be/internal/services/otp_service.go:62.2,62.42 1 0
github.com/Wrendra57/Pos-app-be/internal/services/otp_service.go:65.123,67.16 2 0
github.com/Wrendra57/Pos-app-be/internal/services/otp_service.go:67.16,70.3 2 0
github.com/Wrendra57/Pos-app-be/internal/services/otp_service.go:71.2,81.16 6 0
github.com/Wrendra57/Pos-app-be/internal/services/otp_service.go:81.16,83.3 1 0
github.com/Wrendra57/Pos-app-be/internal/services/otp_service.go:84.2,84.29 1 0
github.com/Wrendra57/Pos-app-be/internal/services/otp_service.go:84.29,86.3 1 0
github.com/Wrendra57/Pos-app-be/internal/services/otp_service.go:88.2,89.16 2 0
github.com/Wrendra57/Pos-app-be/internal/services/otp_service.go:89.16,91.3 1 0
github.com/Wrendra57/Pos-app-be/internal/services/otp_service.go:92.2,92.34 1 0
github.com/Wrendra57/Pos-app-be/internal/services/otp_service.go:92.34,94.3 1 0
github.com/Wrendra57/Pos-app-be/internal/services/otp_service.go:96.2,96.22 1 0
github.com/Wrendra57/Pos-app-be/internal/services/otp_service.go:96.22,98.3 1 0
github.com/Wrendra57/Pos-app-be/internal/services/otp_service.go:101.2,104.37 3 0
github.com/Wrendra57/Pos-app-be/internal/services/otp_service.go:107.95,109.16 2 0
github.com/Wrendra57/Pos-app-be/internal/services/otp_service.go:109.16,111.3 1 0
github.com/Wrendra57/Pos-app-be/internal/services/otp_service.go:112.2,117.16 5 0
github.com/Wrendra57/Pos-app-be/internal/services/otp_service.go:117.16,120.3 2 0
github.com/Wrendra57/Pos-app-be/internal/services/otp_service.go:121.2,121.30 1 0
github.com/Wrendra57/Pos-app-be/internal/services/otp_service.go:121.30,123.3 1 0
github.com/Wrendra57/Pos-app-be/internal/services/otp_service.go:126.2,130.20 3 0
github.com/Wrendra57/Pos-app-be/internal/services/otp_service.go:130.20,133.3 2 0
github.com/Wrendra57/Pos-app-be/internal/services/otp_service.go:135.2,136.15 2 0
github.com/Wrendra57/Pos-app-be/internal/services/otp_service.go:136.15,139.3 2 0
github.com/Wrendra57/Pos-app-be/internal/services/otp_service.go:142.2,147.37 3 0
github.com/Wrendra57/Pos-app-be/internal/services/photos_service.go:37.46,43.2 1 15
github.com/Wrendra57/Pos-app-be/internal/services/photos_service.go:45.30,65.55 9 0
github.com/Wrendra57/Pos-app-be/internal/services/photos_service.go:65.55,67.17 2 0
github.com/Wrendra57/Pos-app-be/internal/services/photos_service.go:67.17,69.4 1 0
github.com/Wrendra57/Pos-app-be/internal/services/photos_service.go:72.2,81.40 7 0
github.com/Wrendra57/Pos-app-be/internal/services/photos_service.go:84.71,100.55 6 0
github.com/Wrendra57/Pos-app-be/internal/services/photos_service.go:100.55,102.17 2 0
github.com/Wrendra57/Pos-app-be/internal/services/photos_service.go:102.17,104.4 1 0
github.com/Wrendra57/Pos-app-be/internal/services/photos_service.go:106.2,113.15 6 0
github.com/Wrendra57/Pos-app-be/internal/services/product_service.go:31.138,39.2 1 15
github.com/Wrendra57/Pos-app-be/internal/services/product_service.go:41.145,66.38 9 0
github.com/Wrendra57/Pos-app-be/internal/services/product_service.go:66.38,69.3 2 0
github.com/Wrendra57/Pos-app-be/internal/services/product_service.go:71.2,71.46 1 0
github.com/Wrendra57/Pos-app-be/internal/services/supplier_services.go:27.135,33.2 1 15
github.com/Wrendra57/Pos-app-be/internal/services/supplier_services.go:34.137,46.16 6 0
github.com/Wrendra57/Pos-app-be/internal/services/supplier_services.go:46.16,48.3 1 0
github.com/Wrendra57/Pos-app-be/internal/services/supplier_services.go:49.2,49.47 1 0
github.com/Wrendra57/Pos-app-be/internal/services/supplier_services.go:52.132,64.25 7 0
github.com/Wrendra57/Pos-app-be/internal/services/supplier_services.go:64.25,66.3 1 0
github.com/Wrendra57/Pos-app-be/internal/services/supplier_services.go:67.2,67.24 1 0
github.com/Wrendra57/Pos-app-be/internal/services/user_service.go:43.55,54.2 1 15
github.com/Wrendra57/Pos-app-be/internal/services/user_service.go:57.31,67.16 6 0
github.com/Wrendra57/Pos-app-be/internal/services/user_service.go:67.16,71.3 2 0
github.com/Wrendra57/Pos-app-be/internal/services/user_service.go:74.2,75.16 2 0
github.com/Wrendra57/Pos-app-be/internal/services/user_service.go:75.16,78.3 1 0
github.com/Wrendra57/Pos-app-be/internal/services/user_service.go:81.2,82.16 2 0
github.com/Wrendra57/Pos-app-be/internal/services/user_service.go:82.16,85.3 1 0
github.com/Wrendra57/Pos-app-be/internal/services/user_service.go:87.2,148.44 21 0
github.com/Wrendra57/Pos-app-be/internal/services/user_service.go:152.8,161.16 5 0
github.com/Wrendra57/Pos-app-be/internal/services/user_service.go:161.16,164.3 1 0
github.com/Wrendra57/Pos-app-be/internal/services/user_service.go:165.2,165.19 1 0
github.com/Wrendra57/Pos-app-be/internal/services/user_service.go:165.19,168.3 1 0
github.com/Wrendra57/Pos-app-be/internal/services/user_service.go:170.2,172.22 2 0
github.com/Wrendra57/Pos-app-be/internal/services/user_service.go:172.22,175.3 1 0
github.com/Wrendra57/Pos-app-be/internal/services/user_service.go:178.2,185.77 5 0
github.com/Wrendra57/Pos-app-be/internal/services/user_service.go:189.97,196.28 4 0
github.com/Wrendra57/Pos-app-be/internal/services/user_service.go:196.28,201.3 4 0
github.com/Wrendra57/Pos-app-be/internal/services/user_service.go:204.2,210.16 5 0
github.com/Wrendra57/Pos-app-be/internal/services/user_service.go:210.16,212.3 1 0
github.com/Wrendra57/Pos-app-be/internal/services/user_service.go:215.2,222.43 5 0
github.com/Wrendra57/Pos-app-be/internal/utils/email.go:15.62,25.41 7 0
github.com/Wrendra57/Pos-app-be/internal/utils/email.go:25.41,28.3 2 0
github.com/Wrendra57/Pos-app-be/internal/utils/email.go:29.2,29.12 1 0
github.com/Wrendra57/Pos-app-be/internal/utils/hashing.go:5.52,8.2 2 3
github.com/Wrendra57/Pos-app-be/internal/utils/hashing.go:9.52,12.2 2 0
github.com/Wrendra57/Pos-app-be/internal/utils/helper.go:9.55,11.16 2 47
github.com/Wrendra57/Pos-app-be/internal/utils/helper.go:11.16,15.3 3 0
github.com/Wrendra57/Pos-app-be/internal/utils/helper.go:15.8,18.3 2 47
github.com/Wrendra57/Pos-app-be/internal/utils/jwt.go:17.64,28.16 5 5
github.com/Wrendra57/Pos-app-be/internal/utils/jwt.go:28.16,30.3 1 0
github.com/Wrendra57/Pos-app-be/internal/utils/jwt.go:31.2,31.25 1 5
github.com/Wrendra57/Pos-app-be/internal/utils/jwt.go:34.53,37.105 2 7
github.com/Wrendra57/Pos-app-be/internal/utils/jwt.go:37.105,39.3 1 7
github.com/Wrendra57/Pos-app-be/internal/utils/jwt.go:40.2,40.16 1 7
github.com/Wrendra57/Pos-app-be/internal/utils/jwt.go:40.16,44.3 2 0
github.com/Wrendra57/Pos-app-be/internal/utils/jwt.go:45.2,45.18 1 7
github.com/Wrendra57/Pos-app-be/internal/utils/jwt.go:45.18,48.3 2 0
github.com/Wrendra57/Pos-app-be/internal/utils/jwt.go:50.2,51.9 2 7
github.com/Wrendra57/Pos-app-be/internal/utils/jwt.go:51.9,55.3 2 0
github.com/Wrendra57/Pos-app-be/internal/utils/jwt.go:57.2,57.20 1 7
github.com/Wrendra57/Pos-app-be/internal/utils/otp.go:9.27,13.2 3 3
github.com/Wrendra57/Pos-app-be/internal/utils/panicIfErr.go:5.30,6.16 1 168
github.com/Wrendra57/Pos-app-be/internal/utils/panicIfErr.go:6.16,8.13 2 0
github.com/Wrendra57/Pos-app-be/internal/utils/wa.go:13.39,20.16 5 0
github.com/Wrendra57/Pos-app-be/internal/utils/wa.go:20.16,21.13 1 0
github.com/Wrendra57/Pos-app-be/internal/utils/wa.go:24.2,34.16 8 0
github.com/Wrendra57/Pos-app-be/internal/utils/wa.go:34.16,36.3 1 0
github.com/Wrendra57/Pos-app-be/internal/utils/wa.go:37.2,40.16 3 0
github.com/Wrendra57/Pos-app-be/internal/utils/wa.go:40.16,42.3 1 0
github.com/Wrendra57/Pos-app-be/internal/utils/wa.go:44.2,45.45 2 0
github.com/Wrendra57/Pos-app-be/internal/utils/exception/error_handle.go:16.66,18.58 2 6
github.com/Wrendra57/Pos-app-be/internal/utils/exception/error_handle.go:18.58,20.3 1 0
github.com/Wrendra57/Pos-app-be/internal/utils/exception/error_handle.go:22.2,22.55 1 6
github.com/Wrendra57/Pos-app-be/internal/utils/exception/error_handle.go:22.55,28.3 5 6
github.com/Wrendra57/Pos-app-be/internal/utils/exception/error_handle.go:29.2,29.15 1 6
github.com/Wrendra57/Pos-app-be/internal/utils/exception/error_handle.go:32.62,33.17 1 6
github.com/Wrendra57/Pos-app-be/internal/utils/exception/error_handle.go:34.18,35.56 1 4
github.com/Wrendra57/Pos-app-be/internal/utils/exception/error_handle.go:36.13,37.91 1 2
github.com/Wrendra57/Pos-app-be/internal/utils/exception/error_handle.go:38.13,39.90 1 0
github.com/Wrendra57/Pos-app-be/internal/utils/exception/error_handle.go:40.15,41.74 1 0
github.com/Wrendra57/Pos-app-be/internal/utils/exception/error_handle.go:42.15,43.68 1 0
github.com/Wrendra57/Pos-app-be/internal/utils/exception/error_handle.go:44.18,45.87 1 0
github.com/Wrendra57/Pos-app-be/internal/utils/exception/error_handle.go:47.10,48.91 1 0
github.com/Wrendra57/Pos-app-be/internal/utils/exception/error_handle.go:51.97,60.2 1 6
github.com/Wrendra57/Pos-app-be/internal/utils/exception/error_handle.go:61.76,62.17 1 6
github.com/Wrendra57/Pos-app-be/internal/utils/exception/error_handle.go:62.17,64.3 1 0
github.com/Wrendra57/Pos-app-be/internal/utils/exception/error_handle.go:65.2,70.4 1 6
github.com/Wrendra57/Pos-app-be/internal/utils/exception/error_handle.go:72.85,73.17 1 2
github.com/Wrendra57/Pos-app-be/internal/utils/exception/error_handle.go:73.17,76.3 1 2
github.com/Wrendra57/Pos-app-be/internal/utils/exception/error_handle.go:77.2,82.4 1 2
github.com/Wrendra57/Pos-app-be/internal/utils/exception/error_handle.go:84.62,92.2 2 1
github.com/Wrendra57/Pos-app-be/pkg/validator.go:7.40,11.2 2 15
github.com/Wrendra57/Pos-app-be/pkg/validator.go:13.72,15.2 1 7
github.com/Wrendra57/Pos-app-be/pkg/db/db.go:11.51,26.16 9 15
github.com/Wrendra57/Pos-app-be/pkg/db/db.go:26.16,28.3 1 0
github.com/Wrendra57/Pos-app-be/pkg/db/db.go:31.2,31.20 1 15
github.com/Wrendra57/Pos-app-be/pkg/db/db.go:31.20,33.3 1 15
github.com/Wrendra57/Pos-app-be/pkg/db/db.go:35.2,35.25 1 15
github.com/Wrendra57/Pos-app-be/pkg/db/redis.go:5.34,12.2 2 15
github.com/Wrendra57/Pos-app-be/test/server.go:12.51,22.16 8 10
github.com/Wrendra57/Pos-app-be/test/server.go:22.16,24.3 1 0
github.com/Wrendra57/Pos-app-be/test/server.go:27.2,27.20 1 10
github.com/Wrendra57/Pos-app-be/test/server.go:27.20,30.3 1 0
github.com/Wrendra57/Pos-app-be/test/server.go:32.2,32.25 1 10
github.com/Wrendra57/Pos-app-be/test/server.go:35.37,42.2 2 0
github.com/Wrendra57/Pos-app-be/test/server.go:44.41,46.16 2 10
github.com/Wrendra57/Pos-app-be/test/server.go:46.16,47.13 1 0
github.com/Wrendra57/Pos-app-be/test/server.go:49.2,49.15 1 10
github.com/Wrendra57/Pos-app-be/test/server.go:49.15,50.17 1 10
github.com/Wrendra57/Pos-app-be/test/server.go:50.17,52.4 1 0
github.com/Wrendra57/Pos-app-be/test/server.go:52.9,54.4 1 10
github.com/Wrendra57/Pos-app-be/test/server.go:56.2,59.16 3 10
github.com/Wrendra57/Pos-app-be/test/server.go:59.16,61.3 1 0
github.com/Wrendra57/Pos-app-be/test/server.go:63.2,63.12 1 10
github.com/Wrendra57/Pos-app-be/test/server.go:65.23,70.45 5 10
github.com/Wrendra57/Pos-app-be/test/server.go:70.45,72.3 1 0
github.com/Wrendra57/Pos-app-be/test/api/brandTest/brand.go:12.73,22.2 7 35
github.com/Wrendra57/Pos-app-be/wire_gen.go:26.50,28.16 2 15
github.com/Wrendra57/Pos-app-be/wire_gen.go:28.16,30.3 1 0
github.com/Wrendra57/Pos-app-be/wire_gen.go:31.2,50.16 20 15
github.com/Wrendra57/Pos-app-be/wire_gen.go:50.16,53.3 2 0
github.com/Wrendra57/Pos-app-be/wire_gen.go:54.2,54.21 1 15
github.com/Wrendra57/Pos-app-be/wire_gen.go:54.21,57.3 2 15
github.com/Wrendra57/Pos-app-be/wire_gen.go:73.31,83.42 6 15
github.com/Wrendra57/Pos-app-be/wire_gen.go:83.42,85.3 1 0
github.com/Wrendra57/Pos-app-be/wire_gen.go:87.2,96.20 9 15
github.com/Wrendra57/Pos-app-be/wire_gen.go:96.20,99.3 2 15
github.com/Wrendra57/Pos-app-be/wire_gen.go:101.2,101.26 1 15
github.com/Wrendra57/Pos-app-be/config/config.go:12.19,18.45 5 15
github.com/Wrendra57/Pos-app-be/config/config.go:18.45,20.3 1 0
github.com/Wrendra57/Pos-app-be/config/database.go:5.31,11.2 2 47
github.com/Wrendra57/Pos-app-be/internal/controllers/brand_controller.go:14.93,15.36 1 15
github.com/Wrendra57/Pos-app-be/internal/controllers/brand_controller.go:15.36,17.50 2 0
github.com/Wrendra57/Pos-app-be/internal/controllers/brand_controller.go:17.50,20.4 2 0
github.com/Wrendra57/Pos-app-be/internal/controllers/brand_controller.go:22.3,22.64 1 0
github.com/Wrendra57/Pos-app-be/internal/controllers/brand_controller.go:22.64,25.4 2 0
github.com/Wrendra57/Pos-app-be/internal/controllers/brand_controller.go:27.3,28.17 2 0
github.com/Wrendra57/Pos-app-be/internal/controllers/brand_controller.go:28.17,30.4 1 0
github.com/Wrendra57/Pos-app-be/internal/controllers/brand_controller.go:31.3,31.54 1 0
github.com/Wrendra57/Pos-app-be/internal/controllers/brand_controller.go:35.91,36.36 1 15
github.com/Wrendra57/Pos-app-be/internal/controllers/brand_controller.go:36.36,43.21 5 0
github.com/Wrendra57/Pos-app-be/internal/controllers/brand_controller.go:43.21,45.18 2 0
github.com/Wrendra57/Pos-app-be/internal/controllers/brand_controller.go:45.18,47.5 1 0
github.com/Wrendra57/Pos-app-be/internal/controllers/brand_controller.go:48.4,48.25 1 0
github.com/Wrendra57/Pos-app-be/internal/controllers/brand_controller.go:49.9,51.4 1 0
github.com/Wrendra57/Pos-app-be/internal/controllers/brand_controller.go:53.3,53.22 1 0
github.com/Wrendra57/Pos-app-be/internal/controllers/brand_controller.go:53.22,55.18 2 0
github.com/Wrendra57/Pos-app-be/internal/controllers/brand_controller.go:55.18,57.5 1 0
github.com/Wrendra57/Pos-app-be/internal/controllers/brand_controller.go:58.4,58.27 1 0
github.com/Wrendra57/Pos-app-be/internal/controllers/brand_controller.go:59.9,61.4 1 0
github.com/Wrendra57/Pos-app-be/internal/controllers/brand_controller.go:63.3,64.17 2 0
github.com/Wrendra57/Pos-app-be/internal/controllers/brand_controller.go:64.17,66.4 1 0
github.com/Wrendra57/Pos-app-be/internal/controllers/brand_controller.go:68.3,68.69 1 0
github.com/Wrendra57/Pos-app-be/internal/controllers/category_controller.go:14.99,15.36 1 15
github.com/Wrendra57/Pos-app-be/internal/controllers/category_controller.go:15.36,17.50 2 7
github.com/Wrendra57/Pos-app-be/internal/controllers/category_controller.go:17.50,21.4 2 0
github.com/Wrendra57/Pos-app-be/internal/controllers/category_controller.go:23.3,23.64 1 7
github.com/Wrendra57/Pos-app-be/internal/controllers/category_controller.go:23.64,26.4 2 6
github.com/Wrendra57/Pos-app-be/internal/controllers/category_controller.go:27.3,28.17 2 1
github.com/Wrendra57/Pos-app-be/internal/controllers/category_controller.go:28.17,30.4 1 0
github.com/Wrendra57/Pos-app-be/internal/controllers/category_controller.go:31.3,31.70 1 1
github.com/Wrendra57/Pos-app-be/internal/controllers/category_controller.go:35.97,36.36 1 15
github.com/Wrendra57/Pos-app-be/internal/controllers/category_controller.go:36.36,43.21 5 7
github.com/Wrendra57/Pos-app-be/internal/controllers/category_controller.go:43.21,45.18 2 4
github.com/Wrendra57/Pos-app-be/internal/controllers/category_controller.go:45.18,47.5 1 1
github.com/Wrendra57/Pos-app-be/internal/controllers/category_controller.go:48.4,48.25 1 3
github.com/Wrendra57/Pos-app-be/internal/controllers/category_controller.go:49.9,51.4 1 3
github.com/Wrendra57/Pos-app-be/internal/controllers/category_controller.go:53.3,53.22 1 6
github.com/Wrendra57/Pos-app-be/internal/controllers/category_controller.go:53.22,55.18 2 5
github.com/Wrendra57/Pos-app-be/internal/controllers/category_controller.go:55.18,57.5 1 1
github.com/Wrendra57/Pos-app-be/internal/controllers/category_controller.go:58.4,58.27 1 4
github.com/Wrendra57/Pos-app-be/internal/controllers/category_controller.go:59.9,61.4 1 1
github.com/Wrendra57/Pos-app-be/internal/controllers/category_controller.go:63.3,64.17 2 5
github.com/Wrendra57/Pos-app-be/internal/controllers/category_controller.go:64.17,66.4 1 0
github.com/Wrendra57/Pos-app-be/internal/controllers/category_controller.go:67.3,67.74 1 5
github.com/Wrendra57/Pos-app-be/internal/controllers/otp_controller.go:13.91,14.36 1 15
github.com/Wrendra57/Pos-app-be/internal/controllers/otp_controller.go:14.36,16.50 2 0
github.com/Wrendra57/Pos-app-be/internal/controllers/otp_controller.go:16.50,19.4 2 0
github.com/Wrendra57/Pos-app-be/internal/controllers/otp_controller.go:20.3,23.64 2 0
github.com/Wrendra57/Pos-app-be/internal/controllers/otp_controller.go:23.64,26.4 2 0
github.com/Wrendra57/Pos-app-be/internal/controllers/otp_controller.go:27.3,29.19 2 0
github.com/Wrendra57/Pos-app-be/internal/controllers/otp_controller.go:29.19,31.4 1 0
github.com/Wrendra57/Pos-app-be/internal/controllers/otp_controller.go:33.3,33.65 1 0
github.com/Wrendra57/Pos-app-be/internal/controllers/otp_controller.go:36.89,37.36 1 15
github.com/Wrendra57/Pos-app-be/internal/controllers/otp_controller.go:37.36,43.17 3 0
github.com/Wrendra57/Pos-app-be/internal/controllers/otp_controller.go:43.17,45.4 1 0
github.com/Wrendra57/Pos-app-be/internal/controllers/otp_controller.go:46.3,46.71 1 0
github.com/Wrendra57/Pos-app-be/internal/controllers/photo_controller.go:15.94,16.36 1 15
github.com/Wrendra57/Pos-app-be/internal/controllers/photo_controller.go:16.36,32.64 10 0
github.com/Wrendra57/Pos-app-be/internal/controllers/photo_controller.go:32.64,35.4 2 0
github.com/Wrendra57/Pos-app-be/internal/controllers/photo_controller.go:36.3,37.19 2 0
github.com/Wrendra57/Pos-app-be/internal/controllers/photo_controller.go:37.19,40.4 2 0
github.com/Wrendra57/Pos-app-be/internal/controllers/photo_controller.go:42.3,42.57 1 0
github.com/Wrendra57/Pos-app-be/internal/controllers/product_controller.go:16.97,17.36 1 15
github.com/Wrendra57/Pos-app-be/internal/controllers/product_controller.go:17.36,24.21 5 0
github.com/Wrendra57/Pos-app-be/internal/controllers/product_controller.go:24.21,26.4 1 0
github.com/Wrendra57/Pos-app-be/internal/controllers/product_controller.go:27.3,32.24 5 0
github.com/Wrendra57/Pos-app-be/internal/controllers/product_controller.go:32.24,34.4 1 0
github.com/Wrendra57/Pos-app-be/internal/controllers/product_controller.go:35.3,35.80 1 0
github.com/Wrendra57/Pos-app-be/internal/controllers/product_controller.go:35.80,40.4 1 0
github.com/Wrendra57/Pos-app-be/internal/controllers/product_controller.go:42.3,43.21 2 0
github.com/Wrendra57/Pos-app-be/internal/controllers/product_controller.go:43.21,45.4 1 0
github.com/Wrendra57/Pos-app-be/internal/controllers/product_controller.go:46.3,52.62 3 0
github.com/Wrendra57/Pos-app-be/internal/controllers/product_controller.go:52.62,57.4 1 0
github.com/Wrendra57/Pos-app-be/internal/controllers/product_controller.go:58.3,64.24 6 0
github.com/Wrendra57/Pos-app-be/internal/controllers/product_controller.go:64.24,66.4 1 0
github.com/Wrendra57/Pos-app-be/internal/controllers/product_controller.go:67.3,67.80 1 0
github.com/Wrendra57/Pos-app-be/internal/controllers/product_controller.go:67.80,72.4 1 0
github.com/Wrendra57/Pos-app-be/internal/controllers/product_controller.go:73.3,74.17 2 0
github.com/Wrendra57/Pos-app-be/internal/controllers/product_controller.go:74.17,79.4 1 0
github.com/Wrendra57/Pos-app-be/internal/controllers/product_controller.go:81.3,85.21 4 0
github.com/Wrendra57/Pos-app-be/internal/controllers/product_controller.go:85.21,87.4 1 0
github.com/Wrendra57/Pos-app-be/internal/controllers/product_controller.go:89.3,89.64 1 0
github.com/Wrendra57/Pos-app-be/internal/controllers/product_controller.go:89.64,92.4 2 0
github.com/Wrendra57/Pos-app-be/internal/controllers/product_controller.go:94.3,96.10 3 0
github.com/Wrendra57/Pos-app-be/internal/controllers/product_controller.go:96.10,98.4 1 0
github.com/Wrendra57/Pos-app-be/internal/controllers/product_controller.go:100.3,100.60 1 0
github.com/Wrendra57/Pos-app-be/internal/controllers/supplier_controller.go:14.99,15.36 1 15
github.com/Wrendra57/Pos-app-be/internal/controllers/supplier_controller.go:15.36,17.50 2 0
github.com/Wrendra57/Pos-app-be/internal/controllers/supplier_controller.go:17.50,20.4 2 0
github.com/Wrendra57/Pos-app-be/internal/controllers/supplier_controller.go:22.3,22.64 1 0
github.com/Wrendra57/Pos-app-be/internal/controllers/supplier_controller.go:22.64,25.4 2 0
github.com/Wrendra57/Pos-app-be/internal/controllers/supplier_controller.go:26.3,27.17 2 0
github.com/Wrendra57/Pos-app-be/internal/controllers/supplier_controller.go:27.17,29.4 1 0
github.com/Wrendra57/Pos-app-be/internal/controllers/supplier_controller.go:30.3,30.70 1 0
github.com/Wrendra57/Pos-app-be/internal/controllers/supplier_controller.go:34.105,35.36 1 15
github.com/Wrendra57/Pos-app-be/internal/controllers/supplier_controller.go:35.36,42.21 5 0
github.com/Wrendra57/Pos-app-be/internal/controllers/supplier_controller.go:42.21,44.18 2 0
github.com/Wrendra57/Pos-app-be/internal/controllers/supplier_controller.go:44.18,46.5 1 0
github.com/Wrendra57/Pos-app-be/internal/controllers/supplier_controller.go:47.4,47.25 1 0
github.com/Wrendra57/Pos-app-be/internal/controllers/supplier_controller.go:48.9,50.4 1 0
github.com/Wrendra57/Pos-app-be/internal/controllers/supplier_controller.go:52.3,52.22 1 0
github.com/Wrendra57/Pos-app-be/internal/controllers/supplier_controller.go:52.22,54.18 2 0
github.com/Wrendra57/Pos-app-be/internal/controllers/supplier_controller.go:54.18,56.5 1 0
github.com/Wrendra57/Pos-app-be/internal/controllers/supplier_controller.go:57.4,57.27 1 0
github.com/Wrendra57/Pos-app-be/internal/controllers/supplier_controller.go:58.9,60.4 1 0
github.com/Wrendra57/Pos-app-be/internal/controllers/supplier_controller.go:62.3,63.72 2 0
github.com/Wrendra57/Pos-app-be/internal/controllers/user_contoller.go:16.91,17.36 1 15
github.com/Wrendra57/Pos-app-be/internal/controllers/user_contoller.go:17.36,24.29 5 0
github.com/Wrendra57/Pos-app-be/internal/controllers/user_contoller.go:24.29,27.4 2 0
github.com/Wrendra57/Pos-app-be/internal/controllers/user_contoller.go:28.3,29.17 2 0
github.com/Wrendra57/Pos-app-be/internal/controllers/user_contoller.go:29.17,32.4 2 0
github.com/Wrendra57/Pos-app-be/internal/controllers/user_contoller.go:34.3,37.64 2 0
github.com/Wrendra57/Pos-app-be/internal/controllers/user_contoller.go:37.64,40.4 2 0
github.com/Wrendra57/Pos-app-be/internal/controllers/user_contoller.go:41.3,43.17 2 0
github.com/Wrendra57/Pos-app-be/internal/controllers/user_contoller.go:43.17,45.4 1 0
github.com/Wrendra57/Pos-app-be/internal/controllers/user_contoller.go:47.3,54.54 3 0
[...]
github.com/Wrendra57/Pos-app-be/internal/repositories/categories_respository.go:57.18,62.3 4 0
github.com/Wrendra57/Pos-app-be/internal/repositories/categories_respository.go:63.2,63.19 1 0
github.com/Wrendra57/Pos-app-be/internal/repositories/oauth_repository.go:26.43,28.2 1 46
github.com/Wrendra57/Pos-app-be/internal/repositories/oauth_repository.go:30.117,38.16 5 14
github.com/Wrendra57/Pos-app-be/internal/repositories/oauth_repository.go:38.16,41.3 2 0
github.com/Wrendra57/Pos-app-be/internal/repositories/oauth_repository.go:43.2,43.19 1 14
github.com/Wrendra57/Pos-app-be/internal/repositories/oauth_repository.go:47.9,57.16 5 3
github.com/Wrendra57/Pos-app-be/internal/repositories/oauth_repository.go:57.16,60.3 2 2
github.com/Wrendra57/Pos-app-be/internal/repositories/oauth_repository.go:62.2,62.19 1 1
github.com/Wrendra57/Pos-app-be/internal/repositories/oauth_repository.go:65.9,76.16 5 2
github.com/Wrendra57/Pos-app-be/internal/repositories/oauth_repository.go:76.16,79.3 2 1
github.com/Wrendra57/Pos-app-be/internal/repositories/oauth_repository.go:81.2,81.19 1 1
github.com/Wrendra57/Pos-app-be/internal/repositories/oauth_repository.go:83.104,93.16 5 0
github.com/Wrendra57/Pos-app-be/internal/repositories/oauth_repository.go:93.16,96.3 2 0
github.com/Wrendra57/Pos-app-be/internal/repositories/oauth_repository.go:97.2,97.19 1 0
github.com/Wrendra57/Pos-app-be/internal/repositories/oauth_repository.go:100.121,105.19 4 10
github.com/Wrendra57/Pos-app-be/internal/repositories/oauth_repository.go:105.19,109.3 3 0
github.com/Wrendra57/Pos-app-be/internal/repositories/oauth_repository.go:110.2,110.22 1 10
github.com/Wrendra57/Pos-app-be/internal/repositories/oauth_repository.go:110.22,114.3 3 0
github.com/Wrendra57/Pos-app-be/internal/repositories/oauth_repository.go:115.2,115.22 1 10
github.com/Wrendra57/Pos-app-be/internal/repositories/oauth_repository.go:115.22,119.3 3 0
github.com/Wrendra57/Pos-app-be/internal/repositories/oauth_repository.go:120.2,137.16 12 10
github.com/Wrendra57/Pos-app-be/internal/repositories/oauth_repository.go:137.16,139.3 1 0
github.com/Wrendra57/Pos-app-be/internal/repositories/oauth_repository.go:142.2,147.16 4 10
github.com/Wrendra57/Pos-app-be/internal/repositories/oauth_repository.go:147.16,149.3 1 0
github.com/Wrendra57/Pos-app-be/internal/repositories/oauth_repository.go:151.2,151.15 1 10
github.com/Wrendra57/Pos-app-be/internal/repositories/oauth_repository.go:154.112,165.16 5 5
github.com/Wrendra57/Pos-app-be/internal/repositories/oauth_repository.go:165.16,168.3 2 1
github.com/Wrendra57/Pos-app-be/internal/repositories/oauth_repository.go:169.2,169.19 1 4
github.com/Wrendra57/Pos-app-be/internal/repositories/otp_repository.go:24.39,26.2 1 36
github.com/Wrendra57/Pos-app-be/internal/repositories/otp_repository.go:28.99,38.16 5 14
github.com/Wrendra57/Pos-app-be/internal/repositories/otp_repository.go:38.16,41.3 2 0
github.com/Wrendra57/Pos-app-be/internal/repositories/otp_repository.go:43.2,45.15 3 14
github.com/Wrendra57/Pos-app-be/internal/repositories/otp_repository.go:48.105,58.17 6 0
github.com/Wrendra57/Pos-app-be/internal/repositories/otp_repository.go:58.17,62.3 3 0
github.com/Wrendra57/Pos-app-be/internal/repositories/otp_repository.go:62.8,64.3 1 0
github.com/Wrendra57/Pos-app-be/internal/repositories/otp_repository.go:67.150,77.18 6 0
github.com/Wrendra57/Pos-app-be/internal/repositories/otp_repository.go:77.18,82.3 4 0
github.com/Wrendra57/Pos-app-be/internal/repositories/otp_repository.go:83.2,83.18 1 0
github.com/Wrendra57/Pos-app-be/internal/repositories/photos_repository.go:22.45,24.2 1 36
github.com/Wrendra57/Pos-app-be/internal/repositories/photos_repository.go:26.115,36.16 5 14
github.com/Wrendra57/Pos-app-be/internal/repositories/photos_repository.go:36.16,39.3 2 0
github.com/Wrendra57/Pos-app-be/internal/repositories/photos_repository.go:41.2,42.20 2 14
github.com/Wrendra57/Pos-app-be/internal/repositories/photos_repository.go:45.108,54.17 6 0
github.com/Wrendra57/Pos-app-be/internal/repositories/photos_repository.go:54.17,58.3 3 0
github.com/Wrendra57/Pos-app-be/internal/repositories/photos_repository.go:58.8,60.3 1 0
github.com/Wrendra57/Pos-app-be/internal/repositories/product_repository.go:18.47,20.2 1 23
github.com/Wrendra57/Pos-app-be/internal/repositories/product_repository.go:21.119,31.16 5 0
github.com/Wrendra57/Pos-app-be/internal/repositories/product_repository.go:31.16,34.3 2 0
github.com/Wrendra57/Pos-app-be/internal/repositories/product_repository.go:35.2,36.21 2 0
github.com/Wrendra57/Pos-app-be/internal/repositories/role_repository.go:22.41,24.2 1 36
github.com/Wrendra57/Pos-app-be/internal/repositories/role_repository.go:26.110,35.16 5 14
github.com/Wrendra57/Pos-app-be/internal/repositories/role_repository.go:35.16,38.3 2 0
github.com/Wrendra57/Pos-app-be/internal/repositories/role_repository.go:39.2,40.19 2 14
github.com/Wrendra57/Pos-app-be/internal/repositories/role_repository.go:43.109,53.17 6 2
github.com/Wrendra57/Pos-app-be/internal/repositories/role_repository.go:53.17,58.3 3 2
github.com/Wrendra57/Pos-app-be/internal/repositories/role_repository.go:58.8,60.3 1 0
github.com/Wrendra57/Pos-app-be/internal/repositories/role_repository.go:62.2,62.23 1 0
github.com/Wrendra57/Pos-app-be/internal/repositories/supplier_repository.go:20.49,22.2 1 23
github.com/Wrendra57/Pos-app-be/internal/repositories/supplier_repository.go:23.123,31.16 5 0
github.com/Wrendra57/Pos-app-be/internal/repositories/supplier_repository.go:31.16,33.3 1 0
github.com/Wrendra57/Pos-app-be/internal/repositories/supplier_repository.go:34.2,35.22 2 0
github.com/Wrendra57/Pos-app-be/internal/repositories/supplier_repository.go:37.131,51.18 7 0
github.com/Wrendra57/Pos-app-be/internal/repositories/supplier_repository.go:51.18,56.3 4 0
github.com/Wrendra57/Pos-app-be/internal/repositories/supplier_repository.go:57.2,57.18 1 0
github.com/Wrendra57/Pos-app-be/internal/repositories/user_repository.go:23.41,25.2 1 36
github.com/Wrendra57/Pos-app-be/internal/repositories/user_repository.go:27.112,37.16 5 14
github.com/Wrendra57/Pos-app-be/internal/repositories/user_repository.go:37.16,40.3 2 0
github.com/Wrendra57/Pos-app-be/internal/repositories/user_repository.go:42.2,43.18 2 14
github.com/Wrendra57/Pos-app-be/internal/repositories/user_repository.go:46.103,55.17 6 0
github.com/Wrendra57/Pos-app-be/internal/repositories/user_repository.go:55.17,60.3 3 0
github.com/Wrendra57/Pos-app-be/internal/repositories/user_repository.go:60.8,62.3 1 0
github.com/Wrendra57/Pos-app-be/internal/repositories/user_repository.go:65.115,90.17 6 2
github.com/Wrendra57/Pos-app-be/internal/repositories/user_repository.go:90.17,95.3 3 1
github.com/Wrendra57/Pos-app-be/internal/repositories/user_repository.go:95.8,97.3 1 1
github.com/Wrendra57/Pos-app-be/internal/routes/brand_routes.go:11.95,14.2 2 23
github.com/Wrendra57/Pos-app-be/internal/routes/category_routes.go:11.106,14.2 2 23
github.com/Wrendra57/Pos-app-be/internal/routes/otp_routes.go:10.96,13.2 2 23
github.com/Wrendra57/Pos-app-be/internal/routes/photos.go:11.102,13.2 1 23
github.com/Wrendra57/Pos-app-be/internal/routes/product_routes.go:11.101,13.2 1 23
github.com/Wrendra57/Pos-app-be/internal/routes/supplier_routes.go:11.111,14.2 2 23
github.com/Wrendra57/Pos-app-be/internal/routes/user_routes.go:11.95,15.2 3 23
github.com/Wrendra57/Pos-app-be/internal/services/brand_services.go:26.123,32.2 1 23
github.com/Wrendra57/Pos-app-be/internal/services/brand_services.go:34.30,45.16 6 0
github.com/Wrendra57/Pos-app-be/internal/services/brand_services.go:45.16,47.3 1 0
github.com/Wrendra57/Pos-app-be/internal/services/brand_services.go:49.2,49.44 1 0
github.com/Wrendra57/Pos-app-be/internal/services/brand_services.go:51.128,64.22 6 0
github.com/Wrendra57/Pos-app-be/internal/services/brand_services.go:64.22,66.3 1 0
github.com/Wrendra57/Pos-app-be/internal/services/brand_services.go:68.2,68.45 1 0
github.com/Wrendra57/Pos-app-be/internal/services/category_service.go:29.138,35.2 1 23
github.com/Wrendra57/Pos-app-be/internal/services/category_service.go:37.139,51.16 6 0
github.com/Wrendra57/Pos-app-be/internal/services/category_service.go:51.16,53.3 1 0
github.com/Wrendra57/Pos-app-be/internal/services/category_service.go:54.2,54.47 1 0
github.com/Wrendra57/Pos-app-be/internal/services/category_service.go:57.149,71.26 7 0
github.com/Wrendra57/Pos-app-be/internal/services/category_service.go:71.26,73.3 1 0
github.com/Wrendra57/Pos-app-be/internal/services/category_service.go:75.2,75.49 1 0
github.com/Wrendra57/Pos-app-be/internal/services/otp_service.go:33.79,41.2 1 23
github.com/Wrendra57/Pos-app-be/internal/services/otp_service.go:43.106,59.16 7 0
github.com/Wrendra57/Pos-app-be/internal/services/otp_service.go:59.16,61.3 1 0
github.com/Wrendra57/Pos-app-be/internal/services/otp_service.go:62.2,62.42 1 0
github.com/Wrendra57/Pos-app-be/internal/services/otp_service.go:65.123,67.16 2 0
github.com/Wrendra57/Pos-app-be/internal/services/otp_service.go:67.16,70.3 2 0
github.com/Wrendra57/Pos-app-be/internal/services/otp_service.go:71.2,81.16 6 0
github.com/Wrendra57/Pos-app-be/internal/services/otp_service.go:81.16,83.3 1 0
github.com/Wrendra57/Pos-app-be/internal/services/otp_service.go:84.2,84.29 1 0
github.com/Wrendra57/Pos-app-be/internal/services/otp_service.go:84.29,86.3 1 0
github.com/Wrendra57/Pos-app-be/internal/services/otp_service.go:88.2,89.16 2 0
github.com/Wrendra57/Pos-app-be/internal/services/otp_service.go:89.16,91.3 1 0
github.com/Wrendra57/Pos-app-be/internal/services/otp_service.go:92.2,92.34 1 0
github.com/Wrendra57/Pos-app-be/internal/services/otp_service.go:92.34,94.3 1 0
github.com/Wrendra57/Pos-app-be/internal/services/otp_service.go:96.2,96.22 1 0
github.com/Wrendra57/Pos-app-be/internal/services/otp_service.go:96.22,98.3 1 0
github.com/Wrendra57/Pos-app-be/internal/services/otp_service.go:101.2,104.37 3 0
github.com/Wrendra57/Pos-app-be/internal/services/otp_service.go:107.95,109.16 2 0
github.com/Wrendra57/Pos-app-be/internal/services/otp_service.go:109.16,111.3 1 0
github.com/Wrendra57/Pos-app-be/internal/services/otp_service.go:112.2,117.16 5 0
github.com/Wrendra57/Pos-app-be/internal/services/otp_service.go:117.16,120.3 2 0
github.com/Wrendra57/Pos-app-be/internal/services/otp_service.go:121.2,121.30 1 0
github.com/Wrendra57/Pos-app-be/internal/services/otp_service.go:121.30,123.3 1 0
github.com/Wrendra57/Pos-app-be/internal/services/otp_service.go:126.2,130.20 3 0
github.com/Wrendra57/Pos-app-be/internal/services/otp_service.go:130.20,133.3 2 0
github.com/Wrendra57/Pos-app-be/internal/services/otp_service.go:135.2,136.15 2 0
github.com/Wrendra57/Pos-app-be/internal/services/otp_service.go:136.15,139.3 2 0
github.com/Wrendra57/Pos-app-be/internal/services/otp_service.go:142.2,147.37 3 0
github.com/Wrendra57/Pos-app-be/internal/services/photos_service.go:37.46,43.2 1 23
github.com/Wrendra57/Pos-app-be/internal/services/photos_service.go:45.30,65.55 9 0
github.com/Wrendra57/Pos-app-be/internal/services/photos_service.go:65.55,67.17 2 0
github.com/Wrendra57/Pos-app-be/internal/services/photos_service.go:67.17,69.4 1 0
github.com/Wrendra57/Pos-app-be/internal/services/photos_service.go:72.2,81.40 7 0
github.com/Wrendra57/Pos-app-be/internal/services/photos_service.go:84.71,100.55 6 0
github.com/Wrendra57/Pos-app-be/internal/services/photos_service.go:100.55,102.17 2 0
github.com/Wrendra57/Pos-app-be/internal/services/photos_service.go:102.17,104.4 1 0
github.com/Wrendra57/Pos-app-be/internal/services/photos_service.go:106.2,113.15 6 0
github.com/Wrendra57/Pos-app-be/internal/services/product_service.go:31.138,39.2 1 23
github.com/Wrendra57/Pos-app-be/internal/services/product_service.go:41.145,66.38 9 0
github.com/Wrendra57/Pos-app-be/internal/services/product_service.go:66.38,69.3 2 0
github.com/Wrendra57/Pos-app-be/internal/services/product_service.go:71.2,71.46 1 0
github.com/Wrendra57/Pos-app-be/internal/services/supplier_services.go:27.135,33.2 1 23
github.com/Wrendra57/Pos-app-be/internal/services/supplier_services.go:34.137,46.16 6 0
github.com/Wrendra57/Pos-app-be/internal/services/supplier_services.go:46.16,48.3 1 0
github.com/Wrendra57/Pos-app-be/internal/services/supplier_services.go:49.2,49.47 1 0
github.com/Wrendra57/Pos-app-be/internal/services/supplier_services.go:52.132,64.25 7 0
github.com/Wrendra57/Pos-app-be/internal/services/supplier_services.go:64.25,66.3 1 0
github.com/Wrendra57/Pos-app-be/internal/services/supplier_services.go:67.2,67.24 1 0
github.com/Wrendra57/Pos-app-be/internal/services/user_service.go:43.55,54.2 1 23
github.com/Wrendra57/Pos-app-be/internal/services/user_service.go:57.31,67.16 6 3
github.com/Wrendra57/Pos-app-be/internal/services/user_service.go:67.16,71.3 2 1
github.com/Wrendra57/Pos-app-be/internal/services/user_service.go:74.2,75.16 2 2
github.com/Wrendra57/Pos-app-be/internal/services/user_service.go:75.16,78.3 1 1
github.com/Wrendra57/Pos-app-be/internal/services/user_service.go:81.2,82.16 2 1
github.com/Wrendra57/Pos-app-be/internal/services/user_service.go:82.16,85.3 1 0
github.com/Wrendra57/Pos-app-be/internal/services/user_service.go:87.2,148.44 21 1
github.com/Wrendra57/Pos-app-be/internal/services/user_service.go:152.8,161.16 5 5
github.com/Wrendra57/Pos-app-be/internal/services/user_service.go:161.16,164.3 1 1
github.com/Wrendra57/Pos-app-be/internal/services/user_service.go:165.2,165.19 1 4
github.com/Wrendra57/Pos-app-be/internal/services/user_service.go:165.19,168.3 1 1
github.com/Wrendra57/Pos-app-be/internal/services/user_service.go:170.2,172.22 2 3
github.com/Wrendra57/Pos-app-be/internal/services/user_service.go:172.22,175.3 1 1
github.com/Wrendra57/Pos-app-be/internal/services/user_service.go:178.2,185.77 5 2
github.com/Wrendra57/Pos-app-be/internal/services/user_service.go:189.97,196.28 4 3
github.com/Wrendra57/Pos-app-be/internal/services/user_service.go:196.28,201.3 4 1
github.com/Wrendra57/Pos-app-be/internal/services/user_service.go:204.2,210.16 5 2
github.com/Wrendra57/Pos-app-be/internal/services/user_service.go:210.16,212.3 1 1
github.com/Wrendra57/Pos-app-be/internal/services/user_service.go:215.2,222.43 5 1
github.com/Wrendra57/Pos-app-be/internal/utils/email.go:15.62,25.41 7 0
github.com/Wrendra57/Pos-app-be/internal/utils/email.go:25.41,28.3 2 0
github.com/Wrendra57/Pos-app-be/internal/utils/email.go:29.2,29.12 1 0
github.com/Wrendra57/Pos-app-be/internal/utils/hashing.go:5.52,8.2 2 14
github.com/Wrendra57/Pos-app-be/internal/utils/hashing.go:9.52,12.2 2 3
github.com/Wrendra57/Pos-app-be/internal/utils/helper.go:9.55,11.16 2 33
github.com/Wrendra57/Pos-app-be/internal/utils/helper.go:11.16,15.3 3 0
github.com/Wrendra57/Pos-app-be/internal/utils/helper.go:15.8,18.3 2 33
github.com/Wrendra57/Pos-app-be/internal/utils/jwt.go:17.64,28.16 5 20
github.com/Wrendra57/Pos-app-be/internal/utils/jwt.go:28.16,30.3 1 0
github.com/Wrendra57/Pos-app-be/internal/utils/jwt.go:31.2,31.25 1 20
github.com/Wrendra57/Pos-app-be/internal/utils/jwt.go:34.53,37.105 2 5
github.com/Wrendra57/Pos-app-be/internal/utils/jwt.go:37.105,39.3 1 4
github.com/Wrendra57/Pos-app-be/internal/utils/jwt.go:40.2,40.16 1 5
github.com/Wrendra57/Pos-app-be/internal/utils/jwt.go:40.16,44.3 2 2
github.com/Wrendra57/Pos-app-be/internal/utils/jwt.go:45.2,45.18 1 3
github.com/Wrendra57/Pos-app-be/internal/utils/jwt.go:45.18,48.3 2 0
github.com/Wrendra57/Pos-app-be/internal/utils/jwt.go:50.2,51.9 2 3
github.com/Wrendra57/Pos-app-be/internal/utils/jwt.go:51.9,55.3 2 0
github.com/Wrendra57/Pos-app-be/internal/utils/jwt.go:57.2,57.20 1 3
github.com/Wrendra57/Pos-app-be/internal/utils/otp.go:9.27,13.2 3 14
github.com/Wrendra57/Pos-app-be/internal/utils/panicIfErr.go:5.30,6.16 1 199
github.com/Wrendra57/Pos-app-be/internal/utils/panicIfErr.go:6.16,8.13 2 0
github.com/Wrendra57/Pos-app-be/internal/utils/wa.go:13.39,20.16 5 1
github.com/Wrendra57/Pos-app-be/internal/utils/wa.go:20.16,21.13 1 0
github.com/Wrendra57/Pos-app-be/internal/utils/wa.go:24.2,34.16 8 1
github.com/Wrendra57/Pos-app-be/internal/utils/wa.go:34.16,36.3 1 0
github.com/Wrendra57/Pos-app-be/internal/utils/wa.go:37.2,40.16 3 1
github.com/Wrendra57/Pos-app-be/internal/utils/wa.go:40.16,42.3 1 0
github.com/Wrendra57/Pos-app-be/internal/utils/wa.go:44.2,45.45 2 1
github.com/Wrendra57/Pos-app-be/internal/utils/exception/error_handle.go:16.66,18.58 2 27
github.com/Wrendra57/Pos-app-be/internal/utils/exception/error_handle.go:18.58,20.3 1 0
github.com/Wrendra57/Pos-app-be/internal/utils/exception/error_handle.go:22.2,22.55 1 27
github.com/Wrendra57/Pos-app-be/internal/utils/exception/error_handle.go:22.55,28.3 5 27
github.com/Wrendra57/Pos-app-be/internal/utils/exception/error_handle.go:29.2,29.15 1 27
github.com/Wrendra57/Pos-app-be/internal/utils/exception/error_handle.go:32.62,33.17 1 27
github.com/Wrendra57/Pos-app-be/internal/utils/exception/error_handle.go:34.18,35.56 1 11
github.com/Wrendra57/Pos-app-be/internal/utils/exception/error_handle.go:36.13,37.91 1 7
github.com/Wrendra57/Pos-app-be/internal/utils/exception/error_handle.go:38.13,39.90 1 7
github.com/Wrendra57/Pos-app-be/internal/utils/exception/error_handle.go:40.15,41.74 1 1
github.com/Wrendra57/Pos-app-be/internal/utils/exception/error_handle.go:42.15,43.68 1 1
github.com/Wrendra57/Pos-app-be/internal/utils/exception/error_handle.go:44.18,45.87 1 0
github.com/Wrendra57/Pos-app-be/internal/utils/exception/error_handle.go:47.10,48.91 1 0
github.com/Wrendra57/Pos-app-be/internal/utils/exception/error_handle.go:51.97,60.2 1 27
github.com/Wrendra57/Pos-app-be/internal/utils/exception/error_handle.go:61.76,62.17 1 4
github.com/Wrendra57/Pos-app-be/internal/utils/exception/error_handle.go:62.17,64.3 1 0
github.com/Wrendra57/Pos-app-be/internal/utils/exception/error_handle.go:65.2,70.4 1 4
github.com/Wrendra57/Pos-app-be/internal/utils/exception/error_handle.go:72.85,73.17 1 8
github.com/Wrendra57/Pos-app-be/internal/utils/exception/error_handle.go:73.17,76.3 1 8
github.com/Wrendra57/Pos-app-be/internal/utils/exception/error_handle.go:77.2,82.4 1 8
github.com/Wrendra57/Pos-app-be/internal/utils/exception/error_handle.go:84.62,92.2 2 4
github.com/Wrendra57/Pos-app-be/pkg/validator.go:7.40,11.2 2 23
github.com/Wrendra57/Pos-app-be/pkg/validator.go:13.72,15.2 1 35
github.com/Wrendra57/Pos-app-be/pkg/db/db.go:11.51,26.16 9 23
github.com/Wrendra57/Pos-app-be/pkg/db/db.go:26.16,28.3 1 0
github.com/Wrendra57/Pos-app-be/pkg/db/db.go:31.2,31.20 1 23
github.com/Wrendra57/Pos-app-be/pkg/db/db.go:31.20,33.3 1 23
github.com/Wrendra57/Pos-app-be/pkg/db/db.go:35.2,35.25 1 23
github.com/Wrendra57/Pos-app-be/pkg/db/redis.go:5.34,12.2 2 23
github.com/Wrendra57/Pos-app-be/test/server.go:12.51,22.16 8 23
github.com/Wrendra57/Pos-app-be/test/server.go:22.16,24.3 1 0
github.com/Wrendra57/Pos-app-be/test/server.go:27.2,27.20 1 23
github.com/Wrendra57/Pos-app-be/test/server.go:27.20,30.3 1 0
github.com/Wrendra57/Pos-app-be/test/server.go:32.2,32.25 1 23
github.com/Wrendra57/Pos-app-be/test/server.go:35.37,42.2 2 1
github.com/Wrendra57/Pos-app-be/test/server.go:44.41,46.16 2 24
github.com/Wrendra57/Pos-app-be/test/server.go:46.16,47.13 1 0
github.com/Wrendra57/Pos-app-be/test/server.go:49.2,49.15 1 24
github.com/Wrendra57/Pos-app-be/test/server.go:49.15,50.17 1 24
github.com/Wrendra57/Pos-app-be/test/server.go:50.17,52.4 1 0
github.com/Wrendra57/Pos-app-be/test/server.go:52.9,54.4 1 24
github.com/Wrendra57/Pos-app-be/test/server.go:56.2,59.16 3 24
github.com/Wrendra57/Pos-app-be/test/server.go:59.16,61.3 1 0
github.com/Wrendra57/Pos-app-be/test/server.go:63.2,63.12 1 24
github.com/Wrendra57/Pos-app-be/test/server.go:65.23,70.45 5 23
github.com/Wrendra57/Pos-app-be/test/server.go:70.45,72.3 1 0
github.com/Wrendra57/Pos-app-be/test/api/userstest/userfunc.go:16.65,27.16 10 13
github.com/Wrendra57/Pos-app-be/test/api/userstest/userfunc.go:27.16,28.13 1 0
github.com/Wrendra57/Pos-app-be/test/api/userstest/userfunc.go:30.2,74.46 17 13
